Building DAG of jobs...
Using shell: /bin/bash
Provided cluster nodes: 50
Job counts:
	count	jobs
	1	all
	1	vcf2chain
	1	vcf2fasta
	3

rule vcf2chain:
    input: out/sample_m2_filtered.vcf.gz, out/sample_m2_filtered.vcf.gz.tbi
    output: out/custom_ref/REF-to-HCC1143_tumor.chain
    jobid: 2
    benchmark: out/benchmarks/chn.txt

Submitted job 2 with external jobid 'Job <4278552> is submitted to default queue <cpuqueue>.'.

rule vcf2fasta:
    input: out/sample_m2_filtered.vcf, out/sample_m2_filtered.vcf.gz.tbi
    output: out/custom_ref/sample_ref.fa
    log: out/logs/vcf2fasta.txt
    jobid: 1
    benchmark: out/benchmarks/vcf2fasta.txt

Submitted job 1 with external jobid 'Job <4278553> is submitted to default queue <cpuqueue>.'.
Finished job 2.
1 of 3 steps (33%) done
    Error in rule vcf2fasta:
        jobid: 1
        output: out/custom_ref/sample_ref.fa
        log: out/logs/vcf2fasta.txt
        conda-env: /lila/data/kentsis/testfiles/CR_test/.snakemake/conda/e9459bc6

Job failed, going on with independent jobs.
Exiting because a job execution failed. Look above for error message
Complete log: /lila/home/chenz4/proteomegenerator/.snakemake/log/2018-07-26T095423.024968.snakemake.log
