Building DAG of jobs...
Using shell: /bin/bash
Provided cluster nodes: 50
Job counts:
	count	jobs
	1	CalculateContamination
	1	CreateSampleGTF
	1	FilterMutectCalls
	1	LiftIndelsOverRef
	1	Mutect2
	1	PatchRefGenome
	1	PileupSummaries
	1	all
	1	vcf2vci
	9

rule PileupSummaries:
    input: /lila/data/kentsis/testfiles/m2_test/m2/chr17_small_exac_common_3_grch38.vcf.gz
    output: out/sample_m2_summary.table
    jobid: 8
    benchmark: out/benchmarks/M2_PS.txt

Submitted job 8 with external jobid 'Job <4246915> is submitted to default queue <cpuqueue>.'.

rule Mutect2:
    input: /lila/data/kentsis/testfiles/m2_test/m2/tumor.bam, /lila/data/kentsis/testfiles/m2_test/m2/normal.bam
    output: out/sample_m2.vcf.gz, out/sample_m2.vcf.gz.tbi
    jobid: 6
    benchmark: out/benchmarks/MuTect2.txt

Submitted job 6 with external jobid 'Job <4246916> is submitted to default queue <cpuqueue>.'.
Finished job 8.
1 of 9 steps (11%) done

rule CalculateContamination:
    input: out/sample_m2_summary.table
    output: out/sample_m2_contamination.table
    jobid: 7
    benchmark: out/benchmarks/M2_CT.txt

Submitted job 7 with external jobid 'Job <4246940> is submitted to default queue <cpuqueue>.'.
Finished job 7.
2 of 9 steps (22%) done
Finished job 6.
3 of 9 steps (33%) done

rule FilterMutectCalls:
    input: out/sample_m2.vcf.gz, out/sample_m2.vcf.gz.tbi, out/sample_m2_contamination.table
    output: out/sample_m2_filtered.vcf.gz, out/sample_m2_filtered.vcf.gz.tbi
    jobid: 5
    benchmark: out/benchmarks/M2_PS.txt

Submitted job 5 with external jobid 'Job <4247393> is submitted to default queue <cpuqueue>.'.
Finished job 5.
4 of 9 steps (44%) done

rule vcf2vci:
    input: out/sample_m2_filtered.vcf.gz, out/sample_m2_filtered.vcf.gz.tbi
    output: out/custom_ref/sample.vci.gz
    log: out/logs/vcf2vci.txt
    jobid: 3
    benchmark: out/benchmarks/vcf2vci.txt

Submitted job 3 with external jobid 'Job <4247398> is submitted to default queue <cpuqueue>.'.
    Error in rule vcf2vci:
        jobid: 3
        output: out/custom_ref/sample.vci.gz
        log: out/logs/vcf2vci.txt
        conda-env: /lila/data/kentsis/testfiles/CR_test/.snakemake/conda/6ae14354

Job failed, going on with independent jobs.
Exiting because a job execution failed. Look above for error message
Complete log: /lila/home/chenz4/proteomegenerator/.snakemake/log/2018-07-24T172457.667709.snakemake.log
