Building DAG of jobs...
Using shell: /bin/bash
Provided cluster nodes: 50
Job counts:
	count	jobs
	1	CreateSampleGTF
	1	LiftIndelsOverRef
	1	PatchRefGenome
	1	all
	1	vcf2vci
	5

rule vcf2vci:
    input: out/custom_ref/sample.vcf.gz, out/custom_ref/sample.vcf.gz.tbi
    output: out/custom_ref/sample.vci.gz
    log: out/logs/vcf2vci.txt
    jobid: 3
    benchmark: out/benchmarks/vcf2vci.txt

Submitted job 3 with external jobid 'Job <4261323> is submitted to default queue <cpuqueue>.'.
    Error in rule vcf2vci:
        jobid: 3
        output: out/custom_ref/sample.vci.gz
        log: out/logs/vcf2vci.txt
        conda-env: /lila/data/kentsis/testfiles/CR_test/.snakemake/conda/e9459bc6

Job failed, going on with independent jobs.
Exiting because a job execution failed. Look above for error message
Complete log: /lila/home/chenz4/proteomegenerator/.snakemake/log/2018-07-25T143833.527425.snakemake.log
