Building DAG of jobs...
Using shell: /bin/bash
Provided cluster nodes: 50
Job counts:
	count	jobs
	1	all
	1	rmd
	2

rule rmd:
    input: /lila/home/chenz4/proteomegenerator/K052_test_genome.fa, /lila/data/kentsis/testfiles/K052_sub/out/custom_ref/K052_tumor_SNP_patched.fa, /lila/home/chenz4/proteomegenerator/K052_test.bam, /lila/data/kentsis/testfiles/K052_sub/out/variants/K052_tumor_m2_filtered_snps.vcf
    output: out/K052_tumor_report.html
    jobid: 1
    benchmark: out/benchmarks/custom_ref/K052_tumor_rmd.txt
    wildcards: RG_TUMOR=K052_tumor

Submitted job 1 with external jobid 'Job <4428252> is submitted to default queue <cpuqueue>.'.
    Error in rule rmd:
        jobid: 1
        output: out/K052_tumor_report.html
        conda-env: /lila/data/kentsis/testfiles/K052_sub/.snakemake/conda/e1c21d8b

Job failed, going on with independent jobs.
Exiting because a job execution failed. Look above for error message
Complete log: /lila/home/chenz4/proteomegenerator/.snakemake/log/2018-08-07T123549.823298.snakemake.log
