Building DAG of jobs...
Using shell: /bin/bash
Provided cluster nodes: 50
Job counts:
	count	jobs
	1	CreateSampleGTF
	1	LiftIndelsOverRef
	1	PatchRefGenome
	1	all
	1	vcf2vci
	5

rule vcf2vci:
    input: out/custom_ref/sample.vcf.gz, out/custom_ref/sample.vcf.gz.tbi
    output: out/custom_ref/sample.vci.gz
    log: out/logs/vcf2vci.txt
    jobid: 4
    benchmark: out/benchmarks/vcf2vci.txt

Submitted job 4 with external jobid 'Job <4261692> is submitted to default queue <cpuqueue>.'.
Finished job 4.
1 of 5 steps (20%) done

rule CreateSampleGTF:
    input: out/custom_ref/sample.vci.gz, /lila/data/kentsis/testfiles/CR_test/Homo_sapiens.GRCh37.75.gtf
    output: out/custom_ref/sample_ref.gtf
    log: out/logs/sampleGTF.txt
    jobid: 2
    benchmark: out/benchmarks/sampleGTF.txt

Submitted job 2 with external jobid 'Job <4261746> is submitted to default queue <cpuqueue>.'.

rule PatchRefGenome:
    input: out/custom_ref/sample.vci.gz, /lila/data/kentsis/testfiles/CR_test/hs37d5.fa
    output: out/custom_ref/snps_patched.fa
    log: out/logs/patchRef.txt
    jobid: 3

Submitted job 3 with external jobid 'Job <4261748> is submitted to default queue <cpuqueue>.'.
Finished job 2.
2 of 5 steps (40%) done
Finished job 3.
3 of 5 steps (60%) done

rule LiftIndelsOverRef:
    input: out/custom_ref/sample.vci.gz, out/custom_ref/snps_patched.fa
    output: out/custom_ref/sample_ref.fa
    log: out/logs/liftIndelRef.txt
    jobid: 1
    benchmark: out/benchmarks/lift_indels.txt

Submitted job 1 with external jobid 'Job <4261779> is submitted to default queue <cpuqueue>.'.
Finished job 1.
4 of 5 steps (80%) done

localrule all:
    input: out/custom_ref/sample_ref.fa, out/custom_ref/sample_ref.gtf
    jobid: 0

Finished job 0.
5 of 5 steps (100%) done
Complete log: /lila/home/chenz4/proteomegenerator/.snakemake/log/2018-07-25T145846.556176.snakemake.log
