Building DAG of jobs...
Using shell: /bin/bash
Provided cluster nodes: 50
Job counts:
	count	jobs
	1	CreateSampleGTF
	1	IndexSeparatedVcfs
	1	LiftIndelsOverRef
	1	PatchRefGenome
	1	all
	1	vcf2vci
	6

rule IndexSeparatedVcfs:
    input: /lila/data/kentsis/testfiles/CR_test/ALL.chrY.phase3_integrated_v1b.20130502.genotypes.vcf
    output: out/custom_ref/sample.vcf.gz, out/custom_ref/sample.vcf.gz.tbi
    log: out/logs/indexSeparatedVCF.txt
    jobid: 5
    benchmark: out/benchmarks/index_separated_vcfs.txt

Submitted job 5 with external jobid 'Job <4255608> is submitted to default queue <cpuqueue>.'.
Terminating processes on user request, this might take some time.
Will exit after finishing currently running jobs.
Cancelling snakemake on user request.
