Building DAG of jobs...
Using shell: /bin/bash
Provided cluster nodes: 50
Job counts:
	count	jobs
	1	ApplyBQSR
	1	BaseRecalibrator
	1	all
	3

rule BaseRecalibrator:
    input: out/K052_tumor.merged.RGmerged.dedup.fixedtags.readyforBQSR.bam
    output: out/K052_tumor.BQSR.report
    jobid: 2
    benchmark: out/benchmarks/K052_tumor_BQSR.txt
    wildcards: SAMPLE_NAME=K052_tumor

Submitted job 2 with external jobid 'Job <4281263> is submitted to default queue <cpuqueue>.'.
    Error in rule BaseRecalibrator:
        jobid: 2
        output: out/K052_tumor.BQSR.report
        conda-env: /lila/data/kentsis/testfiles/K052M2_test/.snakemake/conda/3b20e511

Job failed, going on with independent jobs.
Exiting because a job execution failed. Look above for error message
Complete log: /lila/home/chenz4/proteomegenerator/.snakemake/log/2018-07-27T152808.656204.snakemake.log
