Building DAG of jobs...
File path /lila/data/kentsis/testfiles/K0562_mqtesting//mqpar.xml contains double '/'. This is likely unintended. It can also lead to inconsistent results of the file-matching approach used by Snakemake.
File path /lila/data/kentsis/testfiles/K0562_mqtesting//mqpar.xml contains double '/'. This is likely unintended. It can also lead to inconsistent results of the file-matching approach used by Snakemake.
Using shell: /bin/bash
Provided cluster nodes: 50
Job counts:
	count	jobs
	1	all
	1	mqpar_conversion
	2

rule mqpar_conversion:
    input: proteome.unique.fasta, /lila/home/chenz4/proteomegenerator/MaxQuant/mqpar_dummy.xml, /lila/data/kentsis/testfiles/K0562_mqtesting/
    output: /lila/data/kentsis/testfiles/K0562_mqtesting//mqpar.xml
    log: out/logs/merged.mqpar_conversion.txt
    jobid: 1
    benchmark: out/benchmarks/merged.mqpar_conversion.txt

Submitted job 1 with external jobid 'Job <4089999> is submitted to default queue <cpuqueue>.'.
Finished job 1.
1 of 2 steps (50%) done

localrule all:
    input: /lila/data/kentsis/testfiles/K0562_mqtesting//mqpar.xml
    jobid: 0

Finished job 0.
2 of 2 steps (100%) done
Complete log: /lila/home/chenz4/proteomegenerator/.snakemake/log/2018-06-25T100148.239706.snakemake.log
