Building DAG of jobs...
Using shell: /bin/bash
Provided cluster nodes: 50
Job counts:
	count	jobs
	1	all
	1	mqpar_conversion
	2

rule mqpar_conversion:
    input: out/all-merge/merged/proteome.fasta, /lila/home/chenz4/proteomegenerator/scripts/mqpar_dummy.xml, /lila/data/kentsis/Raw_files/K056
    output: mqpar.xml
    log: merged.mqpar_conversion.txt
    jobid: 1
    benchmark: merged.mqpar_conversion.txt

Submitted job 1 with external jobid 'Job <4047925> is submitted to default queue <cpuqueue>.'.
    Error in rule mqpar_conversion:
        jobid: 1
        output: mqpar.xml
        log: merged.mqpar_conversion.txt
        conda-env: /lila/data/kentsis/testfiles/K0562_testing/.snakemake/conda/918a9537

Job failed, going on with independent jobs.
Exiting because a job execution failed. Look above for error message
Complete log: /lila/home/chenz4/proteomegenerator/.snakemake/log/2018-06-21T155005.107976.snakemake.log
