Building DAG of jobs...
Using shell: /bin/bash
Provided cluster nodes: 50
Job counts:
	count	jobs
	1	CreateSampleGTF
	1	LiftIndelsOverRef
	1	PatchRefGenome
	1	all
	1	vcf2vci
	5

rule vcf2vci:
    input: out/sample_m2_filtered.vcf.gz, out/sample_m2_filtered.vcf.gz.tbi
    output: out/custom_ref/sample.vci.gz
    log: out/logs/vcf2vci.txt
    jobid: 3
    benchmark: out/benchmarks/vcf2vci.txt

Submitted job 3 with external jobid 'Job <4255280> is submitted to default queue <cpuqueue>.'.
Finished job 3.
1 of 5 steps (20%) done

rule PatchRefGenome:
    input: out/custom_ref/sample.vci.gz, /lila/data/kentsis/testfiles/m2_test/m2/resources_broad_hg38_v0_Homo_sapiens_assembly38.fasta
    output: out/custom_ref/snps_patched.fa
    log: out/logs/patchRef.txt
    jobid: 4

Submitted job 4 with external jobid 'Job <4255281> is submitted to default queue <cpuqueue>.'.

rule CreateSampleGTF:
    input: out/custom_ref/sample.vci.gz, /lila/data/poirier/indexes/GRCh38/gencode.v20.annotation.gtf
    output: out/custom_ref/sample_ref.gtf
    log: out/logs/sampleGTF.txt
    jobid: 1
    benchmark: out/benchmarks/sampleGTF.txt

Submitted job 1 with external jobid 'Job <4255282> is submitted to default queue <cpuqueue>.'.
    Error in rule PatchRefGenome:
        jobid: 4
        output: out/custom_ref/snps_patched.fa
        log: out/logs/patchRef.txt
        conda-env: /lila/data/kentsis/testfiles/CR_test/.snakemake/conda/6ae14354

Job failed, going on with independent jobs.
    Error in rule CreateSampleGTF:
        jobid: 1
        output: out/custom_ref/sample_ref.gtf
        log: out/logs/sampleGTF.txt
        conda-env: /lila/data/kentsis/testfiles/CR_test/.snakemake/conda/6ae14354

Job failed, going on with independent jobs.
Exiting because a job execution failed. Look above for error message
Complete log: /lila/home/chenz4/proteomegenerator/.snakemake/log/2018-07-25T095347.604341.snakemake.log
