Building DAG of jobs...
Creating conda environment /lila/home/chenz4/proteomegenerator/envs/pgm2.yaml...
Downloading remote packages.
Environment for ../../../../home/chenz4/proteomegenerator/envs/pgm2.yaml created (location: .snakemake/conda/a0f65aa7)
Using shell: /bin/bash
Provided cluster nodes: 50
Job counts:
	count	jobs
	1	BuildBamIndex
	1	FilterMutectCalls
	2	LongOrfs
	2	Predict
	1	STAR_GTF
	1	SelectSNPs
	1	StringTie_GTF
	1	UCSC_GTF
	1	all
	2	blastp
	2	cdna_alignment_orf_to_genome_orf
	1	filter
	1	g2g_VCI
	1	g2g_lift
	1	g2g_patch
	2	gff3_file_to_bed
	2	gff3_file_to_proteins
	2	gtf_file_to_cDNA_seqs
	2	gtf_to_alignment_gff3
	1	index
	2	maxQuant
	1	merge
	2	mqpar_conversion
	2	proteome_bed_merge
	2	reorderFASTA
	37

rule FilterMutectCalls:
    input: out/variants/K052_tumor_m2.vcf.gz, out/variants/K052_tumor_m2.vcf.gz.tbi
    output: out/variants/K052_tumor_m2_filtered.vcf.gz, out/variants/K052_tumor_m2_filtered.vcf.gz.tbi
    jobid: 33
    benchmark: out/benchmarks/variants/K052_tumor_m2_filter.txt
    wildcards: RG_TUMOR=K052_tumor

Submitted job 33 with external jobid 'Job <6219949> is submitted to default queue <cpuqueue>.'.
    Error in rule FilterMutectCalls:
        jobid: 33
        output: out/variants/K052_tumor_m2_filtered.vcf.gz, out/variants/K052_tumor_m2_filtered.vcf.gz.tbi
        conda-env: /lila/data/kentsis/testfiles/pgm2_test_partial/.snakemake/conda/a0f65aa7

Job failed, going on with independent jobs.
Exiting because a job execution failed. Look above for error message
Complete log: /lila/home/chenz4/proteomegenerator/.snakemake/log/2018-12-24T191438.681253.snakemake.log
