Building DAG of jobs...
Pulling singularity image docker://mono.
Using shell: /bin/bash
Provided cluster nodes: 50
Job counts:
	count	jobs
	1	all
	1	maxQuant
	1	mqpar_conversion
	3

rule mqpar_conversion:
    input: /lila/data/kentsis/testfiles/cluster/180301_SwissProt_isoforms_cRAP.fasta, /lila/home/chenz4/proteomegenerator/mqpar_dummy.xml, /lila/data/kentsis/testfiles/K0562_mqtesting
    output: /lila/data/kentsis/testfiles/K0562_mqtesting/mqpar.xml
    log: merged.mqpar_conversion.txt
    jobid: 2
    benchmark: merged.mqpar_conversion.txt

Submitted job 2 with external jobid 'Job <4060827> is submitted to default queue <cpuqueue>.'.
Finished job 2.
1 of 3 steps (33%) done

rule maxQuant:
    input: /lila/data/kentsis/testfiles/K0562_mqtesting/mqpar.xml, /lila/home/chenz4/proteomegenerator/MaxQuant/bin/MaxQuantCmd.exe
    output: /lila/data/kentsis/testfiles/K0562_mqtesting/combined/txt/summary.txt
    log: merged.maxQuant.txt
    jobid: 1
    benchmark: merged.maxQuant.txt

Submitted job 1 with external jobid 'Job <4060828> is submitted to default queue <cpuqueue>.'.
Terminating processes on user request, this might take some time.
Will exit after finishing currently running jobs.
Complete log: /lila/home/chenz4/proteomegenerator/.snakemake/log/2018-06-22T120515.444801.snakemake.log
