Building DAG of jobs...
Using shell: /bin/bash
Provided cluster nodes: 50
Job counts:
	count	jobs
	1	CreateSampleGTF
	1	IndexSeparatedVcfs
	1	LiftIndelsOverRef
	1	PatchRefGenome
	1	all
	1	vcf2vci
	6

rule IndexSeparatedVcfs:
    input: /lila/data/kentsis/testfiles/CR_test/ALL.chrY.phase3_integrated_v1b.20130502.genotypes.vcf
    output: out/custom_ref/sample.vcf.gz, out/custom_ref/sample.vcf.gz.tbi
    log: out/logs/indexSeparatedVCF.txt
    jobid: 5
    benchmark: out/benchmarks/index_separated_vcfs.txt

Submitted job 5 with external jobid 'Job <4255619> is submitted to default queue <cpuqueue>.'.
Finished job 5.
1 of 6 steps (17%) done

rule vcf2vci:
    input: out/custom_ref/sample.vcf.gz, out/custom_ref/sample.vcf.gz.tbi
    output: out/custom_ref/sample.vci.gz
    log: out/logs/vcf2vci.txt
    jobid: 3
    benchmark: out/benchmarks/vcf2vci.txt

Submitted job 3 with external jobid 'Job <4255621> is submitted to default queue <cpuqueue>.'.
    Error in rule vcf2vci:
        jobid: 3
        output: out/custom_ref/sample.vci.gz
        log: out/logs/vcf2vci.txt
        conda-env: /lila/data/kentsis/testfiles/CR_test/.snakemake/conda/6ae14354

Terminating processes on user request, this might take some time.
Will exit after finishing currently running jobs.
Job failed, going on with independent jobs.
Cancelling snakemake on user request.
