Building DAG of jobs...
Creating conda environment /lila/home/chenz4/proteomegenerator/envs/myenv.yaml...
Downloading remote packages.
Environment for ../../../../home/chenz4/proteomegenerator/envs/myenv.yaml created (location: .snakemake/conda/94714f1e)
Using shell: /bin/bash
Provided cluster nodes: 50
Job counts:
	count	jobs
	1	all
	1	maxQuant
	2

rule maxQuant:
    input: mqpar.xml, /lila/home/chenz4/proteomegenerator/scripts/MaxQuant/bin/MaxQuantCmd.exe, /lila/data/kentsis/Mono/bin
    output: /combined/txt/summary.txt
    log: merged.maxQuant.txt
    jobid: 1
    benchmark: merged.maxQuant.txt

Submitted job 1 with external jobid 'Job <4047658> is submitted to default queue <cpuqueue>.'.
Terminating processes on user request, this might take some time.
Will exit after finishing currently running jobs.
Complete log: /lila/home/chenz4/proteomegenerator/.snakemake/log/2018-06-21T151950.969091.snakemake.log
