Building DAG of jobs...
Pulling singularity image docker://continuumio/miniconda3:4.5.4.
Using shell: /bin/bash
Provided cluster nodes: 50
Job counts:
	count	jobs
	1	IndexSeparatedVcfs
	1	LiftIndelsOverRef
	1	PatchRefGenome
	1	all
	1	vcf2vci
	5

rule IndexSeparatedVcfs:
    input: /lila/data/kentsis/testfiles/CR_test/ALL.chrY.phase3_integrated_v1a.20130502.genotypes.vcf
    output: out/custom_ref/sample.vcf.gz, out/custom_ref/sample.vcf.gz.tbi
    log: out/logs/indexSeparatedVCF.txt
    jobid: 4
    benchmark: out/benchmarks/index_separated_vcfs.txt

Submitted job 4 with external jobid 'Job <4240051> is submitted to default queue <cpuqueue>.'.
    Error in rule IndexSeparatedVcfs:
        jobid: 4
        output: out/custom_ref/sample.vcf.gz, out/custom_ref/sample.vcf.gz.tbi
        log: out/logs/indexSeparatedVCF.txt

Job failed, going on with independent jobs.
Exiting because a job execution failed. Look above for error message
Complete log: /lila/home/chenz4/proteomegenerator2.0/.snakemake/log/2018-07-23T120538.268041.snakemake.log
