Building DAG of jobs...
Using shell: /bin/bash
Provided cluster nodes: 50
Job counts:
	count	jobs
	1	all
	1	mqpar_conversion
	2

rule mqpar_conversion:
    input: out/all-merge/merged/proteome.fasta, /lila/home/chenz4/proteomegenerator/scripts/mqpar_dummy.xml, /lila/data/kentsis/Raw_files/K056
    output: mqpar.xml
    log: merged.mqpar_conversion.txt
    jobid: 1
    benchmark: merged.mqpar_conversion.txt

Submitted job 1 with external jobid 'Job <4047571> is submitted to default queue <cpuqueue>.'.
    Error in rule mqpar_conversion:
        jobid: 1
        output: mqpar.xml
        log: merged.mqpar_conversion.txt

Job failed, going on with independent jobs.
Terminating processes on user request, this might take some time.
Will exit after finishing currently running jobs.
Complete log: /lila/home/chenz4/proteomegenerator/.snakemake/log/2018-06-21T145615.553424.snakemake.log
