Building DAG of jobs...
Creating conda environment /lila/home/chenz4/proteomegenerator/preprocess.yaml...
Downloading remote packages.
Environment for ../../../../home/chenz4/proteomegenerator/preprocess.yaml created (location: .snakemake/conda/49b53aa4)
Using shell: /bin/bash
Provided cluster nodes: 50
Job counts:
	count	jobs
	1	SelectSNPs
	1	all
	1	vcf2fasta
	3

rule SelectSNPs:
    input: out/sample_m2_filtered.vcf.gz, out/sample_m2_filtered.vcf.gz.tbi
    output: out/sample_m2_filtered_snps.vcf.gz
    jobid: 2
    benchmark: out/benchmarks/select_snp.txt

Submitted job 2 with external jobid 'Job <4281568> is submitted to default queue <cpuqueue>.'.
    Error in rule SelectSNPs:
        jobid: 2
        output: out/sample_m2_filtered_snps.vcf.gz
        conda-env: /lila/data/kentsis/testfiles/K052M2_test/.snakemake/conda/49b53aa4

Job failed, going on with independent jobs.
Exiting because a job execution failed. Look above for error message
Complete log: /lila/home/chenz4/proteomegenerator/.snakemake/log/2018-07-28T001141.471032.snakemake.log
