Building DAG of jobs...
Using shell: /bin/bash
Provided cluster nodes: 50
Job counts:
	count	jobs
	1	ApplyBQSR
	1	BuildBamIndex
	1	FilterMutectCalls
	2	LongOrfs
	1	Mutect2_tumor_only
	2	Predict
	1	STAR_GTF
	1	SelectSNPs
	1	StringTie_GTF
	1	UCSC_GTF
	1	all
	2	blastp
	2	cdna_alignment_orf_to_genome_orf
	1	filter
	1	g2g_VCI
	1	g2g_lift
	1	g2g_patch
	2	gff3_file_to_bed
	2	gff3_file_to_proteins
	2	gtf_file_to_cDNA_seqs
	2	gtf_to_alignment_gff3
	1	index
	2	maxQuant
	1	merge
	2	mqpar_conversion
	2	reorderFASTA
	37

rule g2g_lift:
    input: out/custom_ref/K052_tumor.vci.gz
    output: out/custom_ref/K052_tumor_patched.gtf
    jobid: 27
    benchmark: out/benchmarks/custom_ref/K052_tumor_g2g_lift.txt
    wildcards: RG_TUMOR=K052_tumor

Submitted job 27 with external jobid 'Job <4875402> is submitted to default queue <cpuqueue>.'.

rule ApplyBQSR:
    input: out/preprocess/K052_tumor_SNP.BQSR.report, out/preprocess/K052_tumor_SNP.merged.RGmerged.dedup.fixedtags.readyforBQSR.bam
    output: out/preprocess/K052_tumor_SNP.recal.analysis_ready.bam
    jobid: 41
    benchmark: out/benchmarks/preprocess/K052_tumor_SNP_apply_bqsr.txt
    wildcards: SAMPLE_NAME=K052_tumor_SNP

Submitted job 41 with external jobid 'Job <4875403> is submitted to default queue <cpuqueue>.'.
Finished job 41.
1 of 37 steps (3%) done

rule Mutect2_tumor_only:
    input: out/preprocess/K052_tumor_SNP.recal.analysis_ready.bam
    output: out/variants/K052_tumor_SNP_m2.vcf.gz, out/variants/K052_tumor_SNP_m2.vcf.gz.tbi
    jobid: 38
    benchmark: out/benchmarks/variants/K052_tumor_SNP_m2_tumor_only.txt
    wildcards: RG_TUMOR=K052_tumor_SNP

Submitted job 38 with external jobid 'Job <4875404> is submitted to default queue <cpuqueue>.'.
Finished job 27.
2 of 37 steps (5%) done
Terminating processes on user request, this might take some time.
Will exit after finishing currently running jobs.
Cancelling snakemake on user request.
