Building DAG of jobs...
Pulling singularity image docker://continuumio/miniconda3:4.5.4.
Creating conda environment /lila/home/chenz4/proteomegenerator/envs/variant.yaml...
Downloading remote packages.
Environment for ../../../../home/chenz4/proteomegenerator/envs/variant.yaml created (location: .snakemake/conda/8872a39d)
Using shell: /bin/bash
Provided cluster nodes: 50
Job counts:
	count	jobs
	1	FilterMutectCalls
	1	Mutect2_tumor_only
	1	SelectSNPs
	1	all
	1	vcf2fasta
	5

rule Mutect2_tumor_only:
    input: /lila/data/kentsis/testfiles/K052M2_test/K052_DNA_subset.bam
    output: out/variants/K052_tumor_m2.vcf.gz, out/variants/K052_tumor_m2.vcf.gz.tbi
    jobid: 4
    benchmark: out/benchmarks/variants/K052_tumor_m2_tumor_only.txt
    wildcards: RG_TUMOR=K052_tumor

Submitted job 4 with external jobid 'Job <4311906> is submitted to default queue <cpuqueue>.'.
Finished job 4.
1 of 5 steps (20%) done

rule FilterMutectCalls:
    input: out/variants/K052_tumor_m2.vcf.gz, out/variants/K052_tumor_m2.vcf.gz.tbi
    output: out/variants/K052_tumor_m2_filtered.vcf.gz, out/variants/K052_tumor_m2_filtered.vcf.gz.tbi
    jobid: 3
    benchmark: out/benchmarks/variants/K052_tumor_m2_filter.txt
    wildcards: RG_TUMOR=K052_tumor

Submitted job 3 with external jobid 'Job <4312043> is submitted to default queue <cpuqueue>.'.
Finished job 3.
2 of 5 steps (40%) done

rule SelectSNPs:
    input: out/variants/K052_tumor_m2_filtered.vcf.gz, out/variants/K052_tumor_m2_filtered.vcf.gz.tbi
    output: out/variants/K052_tumor_m2_filtered_snps.vcf.gz
    jobid: 2
    benchmark: out/benchmarks/variants/K052_tumor_select_snp.txt
    wildcards: RG_TUMOR=K052_tumor

Submitted job 2 with external jobid 'Job <4312044> is submitted to default queue <cpuqueue>.'.
Finished job 2.
3 of 5 steps (60%) done

rule vcf2fasta:
    input: out/variants/K052_tumor_m2_filtered_snps.vcf.gz
    output: out/custom_ref/K052_tumor_SNP_patched.fa
    jobid: 1
    benchmark: out/benchmarks/custom_ref/K052_tumor_vcf2fasta.txt
    wildcards: RG_TUMOR=K052_tumor

Submitted job 1 with external jobid 'Job <4312045> is submitted to default queue <cpuqueue>.'.
Finished job 1.
4 of 5 steps (80%) done

localrule all:
    input: out/custom_ref/K052_tumor_SNP_patched.fa
    jobid: 0

Finished job 0.
5 of 5 steps (100%) done
Complete log: /lila/home/chenz4/proteomegenerator/.snakemake/log/2018-07-31T111106.097429.snakemake.log
