Building DAG of jobs...
Using shell: /bin/bash
Provided cluster nodes: 50
Job counts:
	count	jobs
	1	BuildBamIndex
	2	LongOrfs
	2	Predict
	1	STAR_GTF
	1	StringTie_GTF
	1	UCSC_GTF
	1	all
	2	blastp
	2	cdna_alignment_orf_to_genome_orf
	1	filter
	2	gff3_file_to_proteins
	2	gtf_file_to_cDNA_seqs
	2	gtf_to_alignment_gff3
	2	maxQuant
	1	merge
	2	mqpar_conversion
	2	reorderFASTA
	27

rule STAR_GTF:
    input: /data/poirier/indexes/GRCh38/STAR
    output: out/FCH9EFLADXX-HUMbghEAACRAAPEI-225.Aligned.sortedByCoord.out.bam
    log: out/logs/FCH9EFLADXX-HUMbghEAACRAAPEI-225.align.txt
    jobid: 27
    benchmark: out/benchmarks/FCH9EFLADXX-HUMbghEAACRAAPEI-225.align.json
    wildcards: sample=FCH9EFLADXX-HUMbghEAACRAAPEI-225

Submitted job 27 with external jobid 'Job <4384132> is submitted to default queue <cpuqueue>.'.
Terminating processes on user request, this might take some time.
Will exit after finishing currently running jobs.
Cancelling snakemake on user request.
