Building DAG of jobs...
Creating conda environment /lila/home/chenz4/proteomegenerator/envs/pgm2.yaml...
Downloading remote packages.
Environment for ../../../../home/chenz4/proteomegenerator/envs/pgm2.yaml created (location: .snakemake/conda/142d0179)
Using shell: /bin/bash
Provided cluster nodes: 50
Job counts:
	count	jobs
	1	AlignFastqReadsByRG
	1	ApplyBQSR
	1	BaseRecalibrator
	1	BuildBamIndex
	1	FilterMutectCalls
	2	LongOrfs
	1	MarkDuplicates
	1	MergeUnmappedAndAlignedBAMs
	1	Mutect2_tumor_only
	2	Predict
	1	STAR_GTF
	1	SelectSNPs
	1	SortAndFixRealignedBamTags
	1	StringTie_GTF
	1	UCSC_GTF
	1	UnalignFastqReadsByRG
	1	all
	2	blastp
	2	cdna_alignment_orf_to_genome_orf
	1	filter
	1	g2g_VCI
	1	g2g_lift
	1	g2g_patch
	2	gff3_file_to_bed
	2	gff3_file_to_proteins
	2	gtf_file_to_cDNA_seqs
	2	gtf_to_alignment_gff3
	1	index
	2	maxQuant
	1	merge
	2	mqpar_conversion
	2	proteome_bed_merge
	2	reorderFASTA
	45

rule UnalignFastqReadsByRG:
    input: /lila/data/kentsis/testfiles/K052M2_test/k052_unaligned_r1.fastq, /lila/data/kentsis/testfiles/K052M2_test/k052_unaligned_r2.fastq
    output: out/preprocess/K052_tumor.unaligned.bam
    jobid: 44
    benchmark: out/benchmarks/preprocess/K052_tumor.unaligned.txt
    wildcards: SAMPLE_NAME=K052_tumor

Submitted job 44 with external jobid 'Job <6219758> is submitted to default queue <cpuqueue>.'.

rule AlignFastqReadsByRG:
    input: /lila/data/kentsis/testfiles/K052M2_test/k052_unaligned_r1.fastq, /lila/data/kentsis/testfiles/K052M2_test/k052_unaligned_r2.fastq
    output: out/preprocess/K052_tumor.aligned.bam
    jobid: 45
    benchmark: out/benchmarks/preprocess/K052_tumor.align.txt
    wildcards: SAMPLE_NAME=K052_tumor

Submitted job 45 with external jobid 'Job <6219759> is submitted to default queue <cpuqueue>.'.
    Error in rule AlignFastqReadsByRG:
        jobid: 45
        output: out/preprocess/K052_tumor.aligned.bam
        conda-env: /lila/data/kentsis/testfiles/pgm2_test_full_3/.snakemake/conda/142d0179

Job failed, going on with independent jobs.
Finished job 44.
1 of 45 steps (2%) done
Exiting because a job execution failed. Look above for error message
Complete log: /lila/home/chenz4/proteomegenerator/.snakemake/log/2018-12-23T204038.549973.snakemake.log
