Building DAG of jobs...
Using shell: /bin/bash
Provided cluster nodes: 50
Job counts:
	count	jobs
	1	all
	1	maxQuant
	1	mqpar_conversion
	3

localrule mqpar_conversion:
    input: 180301_SwissProt_isoforms_cRAP.fasta, /lila/home/chenz4/proteomegenerator/MaxQuant/mqpar_template.xml, /lila/data/kentsis/testfiles/K0562_mqtesting, /scratch/chenz4
    output: out/mqpar.xml
    log: out/logs/merged.mqpar_conversion.txt
    jobid: 2
    benchmark: out/benchmarks/merged.mqpar_conversion.txt

Finished job 2.
1 of 3 steps (33%) done

rule maxQuant:
    input: out/mqpar.xml, /lila/home/chenz4/proteomegenerator/MaxQuant/bin/MaxQuantCmd.exe
    output: out/combined/txt/summary.txt
    log: out/logs/merged.maxQuant.txt
    jobid: 1
    benchmark: out/benchmarks/maxQuant.txt

Submitted job 1 with external jobid 'Job <4135735> is submitted to default queue <cpuqueue>.'.
Finished job 1.
2 of 3 steps (67%) done

localrule all:
    input: out/combined/txt/summary.txt
    jobid: 0

Finished job 0.
3 of 3 steps (100%) done
Complete log: /lila/home/chenz4/proteomegenerator/.snakemake/log/2018-06-29T113533.670375.snakemake.log
