Building DAG of jobs...
Using shell: /bin/bash
Provided cluster nodes: 50
Job counts:
	count	jobs
	1	CalculateContamination
	1	FilterMutectCalls
	1	Mutect2
	1	PileupSummaries
	1	all
	1	vcf2fasta
	6

rule Mutect2:
    input: /lila/data/kentsis/testfiles/K052M2_test/k052_chr.bam
    output: out/sample_m2.vcf.gz, out/sample_m2.vcf.gz.tbi
    jobid: 3
    benchmark: out/benchmarks/MuTect2.txt

Submitted job 3 with external jobid 'Job <4279762> is submitted to default queue <cpuqueue>.'.

rule PileupSummaries:
    input: /lila/data/kentsis/testfiles/m2_test/m2/chr17_small_exac_common_3_grch38.vcf.gz
    output: out/sample_m2_summary.table
    jobid: 5
    benchmark: out/benchmarks/M2_PS.txt

Submitted job 5 with external jobid 'Job <4279763> is submitted to default queue <cpuqueue>.'.
    Error in rule Mutect2:
        jobid: 3
        output: out/sample_m2.vcf.gz, out/sample_m2.vcf.gz.tbi
        conda-env: /lila/data/kentsis/testfiles/K052M2_test/.snakemake/conda/90a98403

Job failed, going on with independent jobs.
    Error in rule PileupSummaries:
        jobid: 5
        output: out/sample_m2_summary.table
        conda-env: /lila/data/kentsis/testfiles/K052M2_test/.snakemake/conda/90a98403

Job failed, going on with independent jobs.
Exiting because a job execution failed. Look above for error message
Complete log: /lila/home/chenz4/proteomegenerator/.snakemake/log/2018-07-26T152019.270264.snakemake.log
