Building DAG of jobs...
Creating conda environment /lila/home/chenz4/proteomegenerator2.0/env.yaml...
Downloading remote packages.
Environment for ../../../../home/chenz4/proteomegenerator2.0/env.yaml created (location: .snakemake/conda/658b0a75)
Using shell: /bin/bash
Provided cluster nodes: 50
Job counts:
	count	jobs
	1	IndexSeparatedVcfs
	1	LiftIndelsOverRef
	1	PatchRefGenome
	1	all
	1	vcf2vci
	5

rule IndexSeparatedVcfs:
    input: /lila/data/kentsis/testfiles/CR_test/ALL.chrY.phase3_integrated_v1a.20130502.genotypes.vcf
    output: out/custom_ref/sample.vcf.gz, out/custom_ref/sample.vcf.gz.tbi
    log: out/logs/indexSeparatedVCF.txt
    jobid: 4
    benchmark: out/benchmarks/index_separated_vcfs.txt

Submitted job 4 with external jobid 'Job <4240099> is submitted to default queue <cpuqueue>.'.
Finished job 4.
1 of 5 steps (20%) done

rule vcf2vci:
    input: out/custom_ref/sample.vcf.gz, out/custom_ref/sample.vcf.gz.tbi
    output: out/custom_ref/sample.vci.gz
    log: out/logs/vcf2vci.txt
    jobid: 3
    benchmark: out/benchmarks/vcf2vci.txt

Submitted job 3 with external jobid 'Job <4240101> is submitted to default queue <cpuqueue>.'.
Finished job 3.
2 of 5 steps (40%) done

rule PatchRefGenome:
    input: out/custom_ref/sample.vci.gz, /lila/data/kentsis/testfiles/CR_test/hs37d5.fa
    output: out/custom_ref/snps_patched.fa
    log: out/logs/patchRef.txt
    jobid: 2

Submitted job 2 with external jobid 'Job <4240102> is submitted to default queue <cpuqueue>.'.
Finished job 2.
3 of 5 steps (60%) done

rule LiftIndelsOverRef:
    input: out/custom_ref/sample.vci.gz, out/custom_ref/snps_patched.fa
    output: out/custom_ref/sample_ref.fa
    log: out/logs/liftIndelRef.txt
    jobid: 1
    benchmark: out/benchmarks/lift_indels.txt

Submitted job 1 with external jobid 'Job <4240108> is submitted to default queue <cpuqueue>.'.
Finished job 1.
4 of 5 steps (80%) done

localrule all:
    input: out/custom_ref/sample_ref.fa
    jobid: 0

Finished job 0.
5 of 5 steps (100%) done
Complete log: /lila/home/chenz4/proteomegenerator2.0/.snakemake/log/2018-07-23T121712.546007.snakemake.log
