Building DAG of jobs...
Using shell: /bin/bash
Provided cluster nodes: 50
Job counts:
	count	jobs
	1	all
	1	cdna_alignment_orf_to_genome_orf
	1	gff3_file_to_bed
	2	gff3_file_to_proteins
	2	maxQuant
	2	mqpar_conversion
	2	reorderFASTA
	11

rule gff3_file_to_proteins:
    input: out/all-merge/reference/transcripts.genome.gff3, out/custom_ref/K052_tumor_patched.fa
    output: out/all-merge/reference/proteome.fasta
    log: out/logs/reference.gff3_file_to_proteins.txt
    jobid: 17
    benchmark: out/benchmarks/reference.gff3_file_to_proteins.txt
    wildcards: model=reference

Submitted job 17 with external jobid 'Job <4881472> is submitted to default queue <cpuqueue>.'.

rule cdna_alignment_orf_to_genome_orf:
    input: out/all-merge/merged/transcripts.gff3, out/all-merge/merged.transcripts.fasta, out/all-merge/merged.transcripts.fasta.transdecoder.gff3
    output: out/all-merge/merged/transcripts.genome.gff3
    log: out/logs/merged.cdna_alignment_orf_to_genome_orf.txt
    jobid: 7
    benchmark: out/benchmarks/merged.cdna_alignment_orf_to_genome_orf.txt
    wildcards: model=merged

Submitted job 7 with external jobid 'Job <4881473> is submitted to default queue <cpuqueue>.'.
Finished job 7.
1 of 11 steps (9%) done

rule gff3_file_to_proteins:
    input: out/all-merge/merged/transcripts.genome.gff3, out/custom_ref/K052_tumor_patched.fa
    output: out/all-merge/merged/proteome.fasta
    log: out/logs/merged.gff3_file_to_proteins.txt
    jobid: 24
    benchmark: out/benchmarks/merged.gff3_file_to_proteins.txt
    wildcards: model=merged

Submitted job 24 with external jobid 'Job <4881474> is submitted to default queue <cpuqueue>.'.

rule gff3_file_to_bed:
    input: out/all-merge/merged/transcripts.genome.gff3
    output: out/all-merge/merged/proteome.bed
    log: out/logs/merged.gff3_file_to_bed.txt
    jobid: 3
    benchmark: out/benchmarks/merged.gff3_file_to_bed.txt
    wildcards: model=merged

Submitted job 3 with external jobid 'Job <4881475> is submitted to default queue <cpuqueue>.'.
Finished job 3.
2 of 11 steps (18%) done
Finished job 24.
3 of 11 steps (27%) done

rule reorderFASTA:
    input: out/all-merge/merged/proteome.fasta
    output: out/all-merge/merged/proteome.unique.fasta
    log: out/logs/merged.reorderFASTA.txt
    jobid: 16
    benchmark: out/benchmarks/merged.reorderFASTA.txt
    wildcards: model=merged

Submitted job 16 with external jobid 'Job <4881481> is submitted to default queue <cpuqueue>.'.
Finished job 16.
4 of 11 steps (36%) done

localrule mqpar_conversion:
    input: out/all-merge/merged/proteome.unique.fasta
    output: out/merged_mqpar.xml
    log: out/logs/merged.mqpar_conversion.txt
    jobid: 8
    benchmark: out/benchmarks/merged.mqpar_conversion.txt
    wildcards: model=merged

Finished job 8.
5 of 11 steps (45%) done

rule maxQuant:
    input: out/merged_mqpar.xml
    output: out/all-merge/merged/combined/txt/summary.txt
    log: out/logs/merged.maxQuant.txt
    jobid: 4
    benchmark: out/benchmarks/merged.maxQuant.txt
    wildcards: model=merged

Submitted job 4 with external jobid 'Job <4881483> is submitted to default queue <cpuqueue>.'.
Finished job 17.
6 of 11 steps (55%) done

rule reorderFASTA:
    input: out/all-merge/reference/proteome.fasta
    output: out/all-merge/reference/proteome.unique.fasta
    log: out/logs/reference.reorderFASTA.txt
    jobid: 9
    benchmark: out/benchmarks/reference.reorderFASTA.txt
    wildcards: model=reference

Submitted job 9 with external jobid 'Job <4881493> is submitted to default queue <cpuqueue>.'.
Finished job 9.
7 of 11 steps (64%) done

localrule mqpar_conversion:
    input: out/all-merge/reference/proteome.unique.fasta
    output: out/reference_mqpar.xml
    log: out/logs/reference.mqpar_conversion.txt
    jobid: 5
    benchmark: out/benchmarks/reference.mqpar_conversion.txt
    wildcards: model=reference

Finished job 5.
8 of 11 steps (73%) done

rule maxQuant:
    input: out/reference_mqpar.xml
    output: out/all-merge/reference/combined/txt/summary.txt
    log: out/logs/reference.maxQuant.txt
    jobid: 1
    benchmark: out/benchmarks/reference.maxQuant.txt
    wildcards: model=reference

Submitted job 1 with external jobid 'Job <4881494> is submitted to default queue <cpuqueue>.'.
    Error in rule maxQuant:
        jobid: 4
        output: out/all-merge/merged/combined/txt/summary.txt
        log: out/logs/merged.maxQuant.txt

Job failed, going on with independent jobs.
Finished job 1.
9 of 11 steps (82%) done
Exiting because a job execution failed. Look above for error message
Complete log: /lila/home/chenz4/proteomegenerator/.snakemake/log/2018-10-19T120914.150658.snakemake.log
