Building DAG of jobs...
MissingInputException in line 24 of /lila/home/chenz4/proteomegenerator/Snakefile-Test:
Missing input files for rule mqpar_conversion:
20160205_PGM_K052_SCX_RP_10
160116_K052_OffLRP_RP_f21
20160205_PGM_K052_SCX_RP_11
20160205_PGM_K052_SCX_RP_01
20160205_PGM_K052_SCX_RP_23
20160205_PGM_K052_SCX_RP_06
160116_K052_OffLRP_RP_f23
160116_K052_OffLRP_RP_f22
20160205_PGM_K052_SCX_RP_19
160116_K052_OffLRP_RP_f16
20160205_PGM_K052_SCX_RP_09
160116_K052_OffLRP_RP_f20
20160205_PGM_K052_SCX_RP_16
160116_K052_OffLRP_RP_f24
160116_K052_OffLRP_RP_f06
20160205_PGM_K052_SCX_RP_12
20160205_PGM_K052_SCX_RP_04
160116_K052_OffLRP_RP_f17
20160205_PGM_K052_SCX_RP_07
160116_K052_OffLRP_RP_f09
20160205_PGM_K052_SCX_RP_14
20150216_1ug_ecoli
20160205_PGM_K052_SCX_RP_17
20160205_PGM_K052_SCX_RP_21
160116_K052_OffLRP_RP_f07
20160205_PGM_K052_SCX_RP_22
160116_K052_OffLRP_RP_f19
160116_K052_OffLRP_RP_f04
160116_K052_OffLRP_RP_f15
160116_K052_OffLRP_RP_f14
160116_K052_OffLRP_RP_f05
160116_K052_OffLRP_RP_f18
20160205_PGM_K052_SCX_RP_13
20160205_PGM_K052_SCX_RP_15
20160205_PGM_K052_SCX_RP_03
20160205_PGM_K052_SCX_RP_08
20160205_PGM_K052_SCX_RP_24
160116_K052_OffLRP_RP_f11
160116_K052_OffLRP_RP_f12
160116_K052_OffLRP_RP_f01
20160205_PGM_K052_SCX_RP_18
160116_K052_OffLRP_RP_f03
160116_K052_OffLRP_RP_f13
20160205_PGM_K052_SCX_RP_20
20160205_PGM_K052_SCX_RP_02
160116_K052_OffLRP_RP_f10
160116_K052_OffLRP_RP_f02
20160205_PGM_K052_SCX_RP_05
160116_K052_OffLRP_RP_f08
