Building DAG of jobs...
Using shell: /bin/bash
Provided cluster nodes: 50
Job counts:
	count	jobs
	1	AlignFastqReadsByRG
	1	ApplyBQSR
	1	BaseRecalibrator
	1	BuildBamIndex
	1	FilterMutectCalls
	2	LongOrfs
	1	MarkDuplicates
	1	MergeUnmappedAndAlignedBAMs
	1	Mutect2_tumor_only
	2	Predict
	1	STAR_GTF
	1	SelectSNPs
	1	SortAndFixRealignedBamTags
	1	StringTie_GTF
	1	UCSC_GTF
	1	UnalignFastqReadsByRG
	1	all
	2	blastp
	2	cdna_alignment_orf_to_genome_orf
	1	filter
	1	g2g_VCI
	1	g2g_lift
	1	g2g_patch
	2	gff3_file_to_bed
	2	gff3_file_to_proteins
	2	gtf_file_to_cDNA_seqs
	2	gtf_to_alignment_gff3
	1	index
	2	maxQuant
	1	merge
	2	mqpar_conversion
	2	proteome_bed_merge
	2	reorderFASTA
	45

rule AlignFastqReadsByRG:
    input: /lila/data/kentsis/testfiles/K052M2_test/k052_unaligned_r1.fastq, /lila/data/kentsis/testfiles/K052M2_test/k052_unaligned_r2.fastq
    output: out/preprocess/K052_tumor.aligned.bam
    jobid: 45
    benchmark: out/benchmarks/preprocess/K052_tumor.align.txt
    wildcards: SAMPLE_NAME=K052_tumor

Submitted job 45 with external jobid 'Job <6219953> is submitted to default queue <cpuqueue>.'.

rule UnalignFastqReadsByRG:
    input: /lila/data/kentsis/testfiles/K052M2_test/k052_unaligned_r1.fastq, /lila/data/kentsis/testfiles/K052M2_test/k052_unaligned_r2.fastq
    output: out/preprocess/K052_tumor.unaligned.bam
    jobid: 44
    benchmark: out/benchmarks/preprocess/K052_tumor.unaligned.txt
    wildcards: SAMPLE_NAME=K052_tumor

Submitted job 44 with external jobid 'Job <6219954> is submitted to default queue <cpuqueue>.'.
Finished job 44.
1 of 45 steps (2%) done
Finished job 45.
2 of 45 steps (4%) done

rule MergeUnmappedAndAlignedBAMs:
    input: out/preprocess/K052_tumor.aligned.bam, out/preprocess/K052_tumor.unaligned.bam
    output: out/preprocess/K052_tumor.aligned_unaligned_merged.bam
    jobid: 43
    benchmark: out/benchmarks/preprocess/K052_tumor.merge_aubam.txt
    wildcards: SAMPLE_NAME=K052_tumor

Submitted job 43 with external jobid 'Job <6219966> is submitted to default queue <cpuqueue>.'.
Finished job 43.
3 of 45 steps (7%) done

rule MarkDuplicates:
    input: out/preprocess/K052_tumor.aligned_unaligned_merged.bam
    output: out/preprocess/K052_tumor.merged.RGmerged.dedup.bam
    jobid: 42
    benchmark: out/benchmarks/preprocess/K052_tumor.markdups.txt
    wildcards: SAMPLE_NAME=K052_tumor

Submitted job 42 with external jobid 'Job <6219968> is submitted to default queue <cpuqueue>.'.
Finished job 42.
4 of 45 steps (9%) done

rule SortAndFixRealignedBamTags:
    input: out/preprocess/K052_tumor.merged.RGmerged.dedup.bam
    output: out/preprocess/K052_tumor.merged.RGmerged.dedup.fixedtags.readyforBQSR.bam, out/preprocess/K052_tumor.merged.RGmerged.dedup.fixedtags.readyforBQSR.bai
    jobid: 41
    benchmark: out/benchmarks/preprocess/K052_tumor_SortAndFixTags.txt
    wildcards: SAMPLE_NAME=K052_tumor

Submitted job 41 with external jobid 'Job <6219969> is submitted to default queue <cpuqueue>.'.
Finished job 41.
5 of 45 steps (11%) done

rule BaseRecalibrator:
    input: out/preprocess/K052_tumor.merged.RGmerged.dedup.fixedtags.readyforBQSR.bam
    output: out/preprocess/K052_tumor.BQSR.report
    jobid: 40
    benchmark: out/benchmarks/preprocess/K052_tumor_BQSR.txt
    wildcards: SAMPLE_NAME=K052_tumor

Submitted job 40 with external jobid 'Job <6219971> is submitted to default queue <cpuqueue>.'.
Finished job 40.
6 of 45 steps (13%) done

rule ApplyBQSR:
    input: out/preprocess/K052_tumor.BQSR.report, out/preprocess/K052_tumor.merged.RGmerged.dedup.fixedtags.readyforBQSR.bam
    output: out/preprocess/K052_tumor.recal.analysis_ready.bam
    jobid: 38
    benchmark: out/benchmarks/preprocess/K052_tumor_apply_bqsr.txt
    wildcards: SAMPLE_NAME=K052_tumor

Submitted job 38 with external jobid 'Job <6219972> is submitted to default queue <cpuqueue>.'.
Finished job 38.
7 of 45 steps (16%) done

rule Mutect2_tumor_only:
    input: out/preprocess/K052_tumor.recal.analysis_ready.bam
    output: out/variants/K052_tumor_m2.vcf.gz, out/variants/K052_tumor_m2.vcf.gz.tbi
    jobid: 36
    benchmark: out/benchmarks/variants/K052_tumor_m2_tumor_only.txt
    wildcards: RG_TUMOR=K052_tumor

Submitted job 36 with external jobid 'Job <6219976> is submitted to default queue <cpuqueue>.'.
Finished job 36.
8 of 45 steps (18%) done

rule FilterMutectCalls:
    input: out/variants/K052_tumor_m2.vcf.gz, out/variants/K052_tumor_m2.vcf.gz.tbi
    output: out/variants/K052_tumor_m2_filtered.vcf.gz, out/variants/K052_tumor_m2_filtered.vcf.gz.tbi
    jobid: 33
    benchmark: out/benchmarks/variants/K052_tumor_m2_filter.txt
    wildcards: RG_TUMOR=K052_tumor

Submitted job 33 with external jobid 'Job <6220007> is submitted to default queue <cpuqueue>.'.
Finished job 33.
9 of 45 steps (20%) done

rule SelectSNPs:
    input: out/variants/K052_tumor_m2_filtered.vcf.gz, out/variants/K052_tumor_m2_filtered.vcf.gz.tbi
    output: out/variants/K052_tumor_m2_filtered_snps.vcf.gz
    jobid: 31
    benchmark: out/benchmarks/variants/K052_tumor_select_snp.txt
    wildcards: RG_TUMOR=K052_tumor

Submitted job 31 with external jobid 'Job <6220008> is submitted to default queue <cpuqueue>.'.
Finished job 31.
10 of 45 steps (22%) done

rule g2g_VCI:
    input: out/variants/K052_tumor_m2_filtered_snps.vcf.gz
    output: out/custom_ref/K052_tumor.vci.gz
    jobid: 27
    benchmark: out/benchmarks/custom_ref/K052_tumor_g2g_VCI.txt
    wildcards: RG_TUMOR=K052_tumor

Submitted job 27 with external jobid 'Job <6220009> is submitted to default queue <cpuqueue>.'.
Finished job 27.
11 of 45 steps (24%) done

rule g2g_patch:
    input: out/custom_ref/K052_tumor.vci.gz
    output: out/custom_ref/K052_tumor_patched.fa
    jobid: 21
    benchmark: out/benchmarks/custom_ref/K052_tumor_g2g_patch.txt
    wildcards: RG_TUMOR=K052_tumor

Submitted job 21 with external jobid 'Job <6220010> is submitted to default queue <cpuqueue>.'.

rule g2g_lift:
    input: out/custom_ref/K052_tumor.vci.gz
    output: out/custom_ref/K052_tumor_patched.gtf
    jobid: 29
    benchmark: out/benchmarks/custom_ref/K052_tumor_g2g_lift.txt
    wildcards: RG_TUMOR=K052_tumor

Submitted job 29 with external jobid 'Job <6220011> is submitted to default queue <cpuqueue>.'.
Finished job 21.
12 of 45 steps (27%) done
Finished job 29.
13 of 45 steps (29%) done
Skipped removing non-empty directory /lila/data/kentsis/Databases/STAR_Full_2/

rule index:
    input: out/custom_ref/K052_tumor_patched.fa, out/custom_ref/K052_tumor_patched.gtf
    output: /lila/data/kentsis/Databases/STAR_Full_2/
    log: out/logs/index.txt
    jobid: 39
    benchmark: out/benchmarks/index.txt

Submitted job 39 with external jobid 'Job <6220036> is submitted to default queue <cpuqueue>.'.
Finished job 39.
14 of 45 steps (31%) done

rule STAR_GTF:
    input: /lila/data/kentsis/Databases/STAR_Full_2/, out/custom_ref/K052_tumor_patched.gtf
    output: out/FCH9EFLADXX-HUMbghEAACRAAPEI-225.Aligned.sortedByCoord.out.bam
    log: out/logs/FCH9EFLADXX-HUMbghEAACRAAPEI-225.align.txt
    jobid: 37
    benchmark: out/benchmarks/FCH9EFLADXX-HUMbghEAACRAAPEI-225.align.json
    wildcards: sample=FCH9EFLADXX-HUMbghEAACRAAPEI-225

Submitted job 37 with external jobid 'Job <6220037> is submitted to default queue <cpuqueue>.'.
Finished job 37.
15 of 45 steps (33%) done

rule filter:
    input: out/FCH9EFLADXX-HUMbghEAACRAAPEI-225.Aligned.sortedByCoord.out.bam
    output: out/FCH9EFLADXX-HUMbghEAACRAAPEI-225.Aligned.trimmed.out.bam
    log: out/logs/FCH9EFLADXX-HUMbghEAACRAAPEI-225.filter.txt
    jobid: 34
    benchmark: out/benchmarks/FCH9EFLADXX-HUMbghEAACRAAPEI-225.filter.txt
    wildcards: sample=FCH9EFLADXX-HUMbghEAACRAAPEI-225

Submitted job 34 with external jobid 'Job <6220081> is submitted to default queue <cpuqueue>.'.
Removing temporary output file out/FCH9EFLADXX-HUMbghEAACRAAPEI-225.Aligned.sortedByCoord.out.bam.
Finished job 34.
16 of 45 steps (36%) done

rule BuildBamIndex:
    input: out/FCH9EFLADXX-HUMbghEAACRAAPEI-225.Aligned.trimmed.out.bam
    output: out/FCH9EFLADXX-HUMbghEAACRAAPEI-225.Aligned.trimmed.out.bai
    log: out/logs/FCH9EFLADXX-HUMbghEAACRAAPEI-225.BuildBamIndex.txt
    jobid: 35
    benchmark: out/benchmarks/FCH9EFLADXX-HUMbghEAACRAAPEI-225.BuildBamIndex.txt
    wildcards: sample=FCH9EFLADXX-HUMbghEAACRAAPEI-225

Submitted job 35 with external jobid 'Job <6220082> is submitted to default queue <cpuqueue>.'.
Finished job 35.
17 of 45 steps (38%) done

rule StringTie_GTF:
    input: out/FCH9EFLADXX-HUMbghEAACRAAPEI-225.Aligned.trimmed.out.bam, out/FCH9EFLADXX-HUMbghEAACRAAPEI-225.Aligned.trimmed.out.bai, out/custom_ref/K052_tumor_patched.gtf
    output: out/FCH9EFLADXX-HUMbghEAACRAAPEI-225-stringtie.gtf
    log: out/logs/FCH9EFLADXX-HUMbghEAACRAAPEI-225.filterAndTrimBed.txt
    jobid: 32
    benchmark: out/benchmarks/FCH9EFLADXX-HUMbghEAACRAAPEI-225.StringTie.txt
    wildcards: sample=FCH9EFLADXX-HUMbghEAACRAAPEI-225

Submitted job 32 with external jobid 'Job <6220083> is submitted to default queue <cpuqueue>.'.
Finished job 32.
18 of 45 steps (40%) done

rule merge:
    input: out/FCH9EFLADXX-HUMbghEAACRAAPEI-225-stringtie.gtf
    output: out/all-merge/merged.gtf
    log: out/logs/merge.txt
    jobid: 28
    benchmark: out/benchmarks/merge.txt

Submitted job 28 with external jobid 'Job <6220085> is submitted to default queue <cpuqueue>.'.
Finished job 28.
19 of 45 steps (42%) done

localrule UCSC_GTF:
    input: out/all-merge/merged.gtf, out/custom_ref/K052_tumor_patched.gtf
    output: out/all-merge/merged-UCSC.gtf, out/all-merge/reference-UCSC.gtf
    log: out/logs/UCSC.txt
    jobid: 22
    benchmark: out/benchmarks/UCSC.txt

Activating singularity image /lila/data/kentsis/testfiles/pgm2_test_full_3/.snakemake/singularity/7fab8edb3f0c745f022e1142ae9830f5.simg
Finished job 22.
20 of 45 steps (44%) done

rule gtf_file_to_cDNA_seqs:
    input: out/all-merge/merged-UCSC.gtf, out/custom_ref/K052_tumor_patched.fa
    output: out/all-merge/merged.transcripts.fasta, out/all-merge/merged.transcripts.gtf
    log: out/logs/merged.gtf_file_to_cDNA_seqs.txt
    jobid: 15
    benchmark: out/benchmarks/merged.gtf_file_to_cDNA_seqs.txt
    wildcards: model=merged

Submitted job 15 with external jobid 'Job <6220086> is submitted to default queue <cpuqueue>.'.

rule gtf_file_to_cDNA_seqs:
    input: out/all-merge/reference-UCSC.gtf, out/custom_ref/K052_tumor_patched.fa
    output: out/all-merge/reference.transcripts.fasta, out/all-merge/reference.transcripts.gtf
    log: out/logs/reference.gtf_file_to_cDNA_seqs.txt
    jobid: 19
    benchmark: out/benchmarks/reference.gtf_file_to_cDNA_seqs.txt
    wildcards: model=reference

Submitted job 19 with external jobid 'Job <6220087> is submitted to default queue <cpuqueue>.'.
Finished job 19.
21 of 45 steps (47%) done

rule gtf_to_alignment_gff3:
    input: out/all-merge/reference.transcripts.gtf
    output: out/all-merge/reference/transcripts.gff3
    log: out/logs/reference.gtf_to_alignment_gff3.txt
    jobid: 20
    benchmark: out/benchmarks/reference.gtf_to_alignment_gff3.txt
    wildcards: model=reference

Submitted job 20 with external jobid 'Job <6220088> is submitted to default queue <cpuqueue>.'.

rule LongOrfs:
    input: out/all-merge/reference.transcripts.fasta
    output: out/all-merge/reference.transcripts.fasta.transdecoder_dir/longest_orfs.pep
    log: ../logs/reference.LongOrfs.txt
    jobid: 26
    benchmark: out/benchmarks/reference.LongOrfs.json
    wildcards: model=reference

Submitted job 26 with external jobid 'Job <6220089> is submitted to default queue <cpuqueue>.'.
Finished job 15.
22 of 45 steps (49%) done

rule gtf_to_alignment_gff3:
    input: out/all-merge/merged.transcripts.gtf
    output: out/all-merge/merged/transcripts.gff3
    log: out/logs/merged.gtf_to_alignment_gff3.txt
    jobid: 14
    benchmark: out/benchmarks/merged.gtf_to_alignment_gff3.txt
    wildcards: model=merged

Submitted job 14 with external jobid 'Job <6220090> is submitted to default queue <cpuqueue>.'.

rule LongOrfs:
    input: out/all-merge/merged.transcripts.fasta
    output: out/all-merge/merged.transcripts.fasta.transdecoder_dir/longest_orfs.pep
    log: ../logs/merged.LongOrfs.txt
    jobid: 24
    benchmark: out/benchmarks/merged.LongOrfs.json
    wildcards: model=merged

Submitted job 24 with external jobid 'Job <6220091> is submitted to default queue <cpuqueue>.'.
Finished job 14.
23 of 45 steps (51%) done
Finished job 20.
24 of 45 steps (53%) done
Finished job 24.
25 of 45 steps (56%) done

rule blastp:
    input: out/all-merge/merged.transcripts.fasta.transdecoder_dir/longest_orfs.pep, /data/poirier/indexes/uniprot/UP000005640.fasta.pin, /data/poirier/indexes/uniprot/UP000005640.fasta.phr, /data/poirier/indexes/uniprot/UP000005640.fasta.psq
    output: out/all-merge/merged.blastp.outfmt6
    log: out/logs/merged.blastp.txt
    jobid: 23
    benchmark: out/benchmarks/merged.blastp.json
    wildcards: model=merged

Submitted job 23 with external jobid 'Job <6220092> is submitted to default queue <cpuqueue>.'.
Finished job 26.
26 of 45 steps (58%) done

rule blastp:
    input: out/all-merge/reference.transcripts.fasta.transdecoder_dir/longest_orfs.pep, /data/poirier/indexes/uniprot/UP000005640.fasta.pin, /data/poirier/indexes/uniprot/UP000005640.fasta.phr, /data/poirier/indexes/uniprot/UP000005640.fasta.psq
    output: out/all-merge/reference.blastp.outfmt6
    log: out/logs/reference.blastp.txt
    jobid: 25
    benchmark: out/benchmarks/reference.blastp.json
    wildcards: model=reference

Submitted job 25 with external jobid 'Job <6220094> is submitted to default queue <cpuqueue>.'.
Finished job 23.
27 of 45 steps (60%) done

rule Predict:
    input: out/all-merge/merged.transcripts.fasta.transdecoder_dir/longest_orfs.pep, out/all-merge/merged.transcripts.fasta, out/all-merge/merged.blastp.outfmt6
    output: out/all-merge/merged.transcripts.fasta.transdecoder.pep, out/all-merge/merged.transcripts.fasta.transdecoder.gff3
    log: ../logs/merged.Predict.txt
    jobid: 16
    benchmark: out/benchmarks/merged.Predict.json
    wildcards: model=merged

Submitted job 16 with external jobid 'Job <6220095> is submitted to default queue <cpuqueue>.'.
Finished job 16.
28 of 45 steps (62%) done

rule cdna_alignment_orf_to_genome_orf:
    input: out/all-merge/merged/transcripts.gff3, out/all-merge/merged.transcripts.fasta, out/all-merge/merged.transcripts.fasta.transdecoder.gff3
    output: out/all-merge/merged/transcripts.genome.gff3
    log: out/logs/merged.cdna_alignment_orf_to_genome_orf.txt
    jobid: 10
    benchmark: out/benchmarks/merged.cdna_alignment_orf_to_genome_orf.txt
    wildcards: model=merged

Submitted job 10 with external jobid 'Job <6220097> is submitted to default queue <cpuqueue>.'.
Finished job 10.
29 of 45 steps (64%) done

rule gff3_file_to_bed:
    input: out/all-merge/merged/transcripts.genome.gff3
    output: out/all-merge/merged/proteome_temp.bed
    log: out/logs/merged.gff3_file_to_bed.txt
    jobid: 6
    benchmark: out/benchmarks/merged.gff3_file_to_bed.txt
    wildcards: model=merged

Submitted job 6 with external jobid 'Job <6220098> is submitted to default queue <cpuqueue>.'.

rule gff3_file_to_proteins:
    input: out/all-merge/merged/transcripts.genome.gff3, out/custom_ref/K052_tumor_patched.fa
    output: out/all-merge/merged/proteome.fasta
    log: out/logs/merged.gff3_file_to_proteins.txt
    jobid: 17
    benchmark: out/benchmarks/merged.gff3_file_to_proteins.txt
    wildcards: model=merged

Submitted job 17 with external jobid 'Job <6220099> is submitted to default queue <cpuqueue>.'.
Finished job 6.
30 of 45 steps (67%) done

rule proteome_bed_merge:
    input: out/all-merge/merged/proteome_temp.bed
    output: out/all-merge/merged/proteome.bed
    log: out/logs/merged.proteome_bed_merge.txt
    jobid: 2
    benchmark: out/benchmarks/merged.proteome_bed_merge.txt
    wildcards: model=merged

Submitted job 2 with external jobid 'Job <6220100> is submitted to default queue <cpuqueue>.'.
Removing temporary output file out/all-merge/merged/proteome_temp.bed.
Finished job 2.
31 of 45 steps (69%) done
Finished job 17.
32 of 45 steps (71%) done

rule reorderFASTA:
    input: out/all-merge/merged/proteome.fasta
    output: out/all-merge/merged/proteome.unique.fasta
    log: out/logs/merged.reorderFASTA.txt
    jobid: 11
    benchmark: out/benchmarks/merged.reorderFASTA.txt
    wildcards: model=merged

Submitted job 11 with external jobid 'Job <6220101> is submitted to default queue <cpuqueue>.'.
Finished job 11.
33 of 45 steps (73%) done

localrule mqpar_conversion:
    input: out/all-merge/merged/proteome.unique.fasta
    output: out/merged_mqpar.xml
    log: out/logs/merged.mqpar_conversion.txt
    jobid: 7
    benchmark: out/benchmarks/merged.mqpar_conversion.txt
    wildcards: model=merged

Finished job 7.
34 of 45 steps (76%) done

rule maxQuant:
    input: out/merged_mqpar.xml
    output: out/all-merge/merged/combined/txt/summary.txt
    log: out/logs/merged.maxQuant.txt
    jobid: 3
    benchmark: out/benchmarks/merged.maxQuant.txt
    wildcards: model=merged

Submitted job 3 with external jobid 'Job <6220102> is submitted to default queue <cpuqueue>.'.
Finished job 25.
35 of 45 steps (78%) done

rule Predict:
    input: out/all-merge/reference.transcripts.fasta.transdecoder_dir/longest_orfs.pep, out/all-merge/reference.transcripts.fasta, out/all-merge/reference.blastp.outfmt6
    output: out/all-merge/reference.transcripts.fasta.transdecoder.pep, out/all-merge/reference.transcripts.fasta.transdecoder.gff3
    log: ../logs/reference.Predict.txt
    jobid: 18
    benchmark: out/benchmarks/reference.Predict.json
    wildcards: model=reference

Submitted job 18 with external jobid 'Job <6220132> is submitted to default queue <cpuqueue>.'.
Finished job 18.
36 of 45 steps (80%) done

rule cdna_alignment_orf_to_genome_orf:
    input: out/all-merge/reference/transcripts.gff3, out/all-merge/reference.transcripts.fasta, out/all-merge/reference.transcripts.fasta.transdecoder.gff3
    output: out/all-merge/reference/transcripts.genome.gff3
    log: out/logs/reference.cdna_alignment_orf_to_genome_orf.txt
    jobid: 12
    benchmark: out/benchmarks/reference.cdna_alignment_orf_to_genome_orf.txt
    wildcards: model=reference

Submitted job 12 with external jobid 'Job <6220892> is submitted to default queue <cpuqueue>.'.
Finished job 12.
37 of 45 steps (82%) done

rule gff3_file_to_bed:
    input: out/all-merge/reference/transcripts.genome.gff3
    output: out/all-merge/reference/proteome_temp.bed
    log: out/logs/reference.gff3_file_to_bed.txt
    jobid: 8
    benchmark: out/benchmarks/reference.gff3_file_to_bed.txt
    wildcards: model=reference

Submitted job 8 with external jobid 'Job <6221035> is submitted to default queue <cpuqueue>.'.

rule gff3_file_to_proteins:
    input: out/all-merge/reference/transcripts.genome.gff3, out/custom_ref/K052_tumor_patched.fa
    output: out/all-merge/reference/proteome.fasta
    log: out/logs/reference.gff3_file_to_proteins.txt
    jobid: 13
    benchmark: out/benchmarks/reference.gff3_file_to_proteins.txt
    wildcards: model=reference

Submitted job 13 with external jobid 'Job <6221036> is submitted to default queue <cpuqueue>.'.
Finished job 8.
38 of 45 steps (84%) done

rule proteome_bed_merge:
    input: out/all-merge/reference/proteome_temp.bed
    output: out/all-merge/reference/proteome.bed
    log: out/logs/reference.proteome_bed_merge.txt
    jobid: 4
    benchmark: out/benchmarks/reference.proteome_bed_merge.txt
    wildcards: model=reference

Submitted job 4 with external jobid 'Job <6221088> is submitted to default queue <cpuqueue>.'.
Removing temporary output file out/all-merge/reference/proteome_temp.bed.
Finished job 4.
39 of 45 steps (87%) done
Finished job 13.
40 of 45 steps (89%) done

rule reorderFASTA:
    input: out/all-merge/reference/proteome.fasta
    output: out/all-merge/reference/proteome.unique.fasta
    log: out/logs/reference.reorderFASTA.txt
    jobid: 9
    benchmark: out/benchmarks/reference.reorderFASTA.txt
    wildcards: model=reference

Submitted job 9 with external jobid 'Job <6221613> is submitted to default queue <cpuqueue>.'.
Finished job 9.
41 of 45 steps (91%) done

localrule mqpar_conversion:
    input: out/all-merge/reference/proteome.unique.fasta
    output: out/reference_mqpar.xml
    log: out/logs/reference.mqpar_conversion.txt
    jobid: 5
    benchmark: out/benchmarks/reference.mqpar_conversion.txt
    wildcards: model=reference

Finished job 5.
42 of 45 steps (93%) done

rule maxQuant:
    input: out/reference_mqpar.xml
    output: out/all-merge/reference/combined/txt/summary.txt
    log: out/logs/reference.maxQuant.txt
    jobid: 1
    benchmark: out/benchmarks/reference.maxQuant.txt
    wildcards: model=reference

Submitted job 1 with external jobid 'Job <6221642> is submitted to default queue <cpuqueue>.'.
    Error in rule maxQuant:
        jobid: 3
        output: out/all-merge/merged/combined/txt/summary.txt
        log: out/logs/merged.maxQuant.txt

Job failed, going on with independent jobs.
Finished job 1.
43 of 45 steps (96%) done
Exiting because a job execution failed. Look above for error message
Complete log: /lila/home/chenz4/proteomegenerator/.snakemake/log/2018-12-24T193241.374210.snakemake.log
