Building DAG of jobs...
Pulling singularity image docker://mono:5.12.0.226-slim.
Using shell: /bin/bash
Provided cluster nodes: 50
Job counts:
	count	jobs
	1	all
	1	maxQuant
	1	mqpar_conversion
	3

localrule mqpar_conversion:
    input: out/all-merge/merged/proteome.unique.fasta, /lila/home/chenz4/proteomegenerator/MaxQuant/mqpar_dummy.xml, /lila/data/kentsis/Raw_files/K056
    output: /lila/data/kentsis/Raw_files/K056/mqpar.xml
    log: out/logs/merged.mqpar_conversion.txt
    jobid: 2
    benchmark: out/benchmarks/merged.mqpar_conversion.txt

    Error in rule mqpar_conversion:
        jobid: 2
        output: /lila/data/kentsis/Raw_files/K056/mqpar.xml
        log: out/logs/merged.mqpar_conversion.txt

RuleException:
PermissionError in line 16 of /lila/home/chenz4/proteomegenerator/pgmtestpar:
[Errno 13] Permission denied: '/lila/data/kentsis/Raw_files/K056/mqpar.xml'
  File "/lila/home/chenz4/proteomegenerator/pgmtestpar", line 16, in __rule_mqpar_conversion
  File "/home/chenz4/miniconda3/lib/python3.6/concurrent/futures/thread.py", line 56, in run
Job failed, going on with independent jobs.
Exiting because a job execution failed. Look above for error message
Complete log: /lila/home/chenz4/proteomegenerator/.snakemake/log/2018-06-25T093655.754678.snakemake.log
