Building DAG of jobs...
Using shell: /bin/bash
Provided cluster nodes: 50
Job counts:
	count	jobs
	1	FilterMutectCalls
	1	Mutect2
	1	all
	1	vcf2fasta
	4

rule Mutect2:
    input: /lila/data/kentsis/testfiles/K052M2_test/out/K052_tumor.recal.analysis_ready.bam
    output: out/sample_m2.vcf.gz, out/sample_m2.vcf.gz.tbi
    jobid: 3
    benchmark: out/benchmarks/MuTect2.txt

Submitted job 3 with external jobid 'Job <4281345> is submitted to default queue <cpuqueue>.'.
Finished job 3.
1 of 4 steps (25%) done

rule FilterMutectCalls:
    input: out/sample_m2.vcf.gz, out/sample_m2.vcf.gz.tbi
    output: out/sample_m2_filtered.vcf.gz, out/sample_m2_filtered.vcf.gz.tbi
    jobid: 2
    benchmark: out/benchmarks/M2_filter.txt

Submitted job 2 with external jobid 'Job <4281391> is submitted to default queue <cpuqueue>.'.
Finished job 2.
2 of 4 steps (50%) done

rule vcf2fasta:
    input: out/sample_m2_filtered.vcf.gz, out/sample_m2.vcf.gz.tbi
    output: out/sample_ref.fa
    log: out/logs/vcf2fasta.txt
    jobid: 1
    benchmark: out/benchmarks/vcf2fasta.txt

Submitted job 1 with external jobid 'Job <4281392> is submitted to default queue <cpuqueue>.'.
    Error in rule vcf2fasta:
        jobid: 1
        output: out/sample_ref.fa
        log: out/logs/vcf2fasta.txt
        conda-env: /lila/data/kentsis/testfiles/K052M2_test/.snakemake/conda/90a98403

Job failed, going on with independent jobs.
Exiting because a job execution failed. Look above for error message
Complete log: /lila/home/chenz4/proteomegenerator/.snakemake/log/2018-07-27T170920.970287.snakemake.log
