Building DAG of jobs...
Using shell: /bin/bash
Provided cluster nodes: 50
Job counts:
	count	jobs
	1	CreateSampleGTF
	1	LiftIndelsOverRef
	1	all
	3

rule CreateSampleGTF:
    input: out/custom_ref/sample.vci.gz, /lila/data/kentsis/testfiles/CR_test/Homo_sapiens.GRCh37.75.gtf
    output: out/custom_ref/sample_ref.gtf
    log: out/logs/sampleGTF.txt
    jobid: 2
    benchmark: out/benchmarks/sampleGTF.txt

Submitted job 2 with external jobid 'Job <4240317> is submitted to default queue <cpuqueue>.'.

rule LiftIndelsOverRef:
    input: out/custom_ref/sample.vci.gz, out/custom_ref/snps_patched.fa
    output: out/custom_ref/sample_ref.fa
    log: out/logs/liftIndelRef.txt
    jobid: 1
    benchmark: out/benchmarks/lift_indels.txt

Submitted job 1 with external jobid 'Job <4240318> is submitted to default queue <cpuqueue>.'.
Finished job 2.
1 of 3 steps (33%) done
Finished job 1.
2 of 3 steps (67%) done

localrule all:
    input: out/custom_ref/sample_ref.fa, out/custom_ref/sample_ref.gtf
    jobid: 0

Finished job 0.
3 of 3 steps (100%) done
Complete log: /lila/home/chenz4/proteomegenerator2.0/.snakemake/log/2018-07-23T132330.728855.snakemake.log
