localrules directive specifies rules that are not present in the Snakefile:
	UCSC_UCSC_denovo

Building DAG of jobs...
Using shell: /bin/bash
Provided cluster nodes: 50
Job counts:
	count	jobs
	1	BuildBamIndex
	1	LongOrfs
	1	Predict
	1	STAR_denovo
	1	StringTie_denovo
	1	UCSC_denovo
	1	all
	1	blastp
	1	cdna_alignment_orf_to_genome_orf
	1	filter
	1	gff3_file_to_proteins
	1	gtf_file_to_cDNA_seqs
	1	gtf_to_alignment_gff3
	1	merge
	1	mqpar_conversion
	15

rule STAR_denovo:
    input: /data/kentsis/RNAseq/K0562/FCH9EFLADXX-HUMbghEAACRAAPEI-225_L1_1.fq.gz, /data/kentsis/RNAseq/K0562/FCH9EFLADXX-HUMbghEAACRAAPEI-225_L2_1.fq.gz, /data/kentsis/RNAseq/K0562/FCH9EFLADXX-HUMbghEAACRAAPEI-225_L1_2.fq.gz, /data/kentsis/RNAseq/K0562/FCH9EFLADXX-HUMbghEAACRAAPEI-225_L2_2.fq.gz, /data/poirier/indexes/GRCh38/STAR
    output: out/FCH9EFLADXX-HUMbghEAACRAAPEI-225.Aligned.sortedByCoord.out.bam
    log: out/logs/FCH9EFLADXX-HUMbghEAACRAAPEI-225.align.txt
    jobid: 15
    benchmark: out/benchmarks/FCH9EFLADXX-HUMbghEAACRAAPEI-225.align.json
    wildcards: sample=FCH9EFLADXX-HUMbghEAACRAAPEI-225

Submitted job 15 with external jobid 'Job <4046101> is submitted to default queue <cpuqueue>.'.
Finished job 15.
1 of 15 steps (7%) done

rule filter:
    input: out/FCH9EFLADXX-HUMbghEAACRAAPEI-225.Aligned.sortedByCoord.out.bam
    output: out/FCH9EFLADXX-HUMbghEAACRAAPEI-225.Aligned.trimmed.out.bam
    log: out/logs/FCH9EFLADXX-HUMbghEAACRAAPEI-225.filter.txt
    jobid: 13
    benchmark: out/benchmarks/FCH9EFLADXX-HUMbghEAACRAAPEI-225.filter.txt
    wildcards: sample=FCH9EFLADXX-HUMbghEAACRAAPEI-225

Submitted job 13 with external jobid 'Job <4046121> is submitted to default queue <cpuqueue>.'.
Removing temporary output file out/FCH9EFLADXX-HUMbghEAACRAAPEI-225.Aligned.sortedByCoord.out.bam.
Finished job 13.
2 of 15 steps (13%) done

rule BuildBamIndex:
    input: out/FCH9EFLADXX-HUMbghEAACRAAPEI-225.Aligned.trimmed.out.bam
    output: out/FCH9EFLADXX-HUMbghEAACRAAPEI-225.Aligned.trimmed.out.bai
    log: out/logs/FCH9EFLADXX-HUMbghEAACRAAPEI-225.BuildBamIndex.txt
    jobid: 14
    benchmark: out/benchmarks/FCH9EFLADXX-HUMbghEAACRAAPEI-225.BuildBamIndex.txt
    wildcards: sample=FCH9EFLADXX-HUMbghEAACRAAPEI-225

Submitted job 14 with external jobid 'Job <4046143> is submitted to default queue <cpuqueue>.'.
Finished job 14.
3 of 15 steps (20%) done

rule StringTie_denovo:
    input: out/FCH9EFLADXX-HUMbghEAACRAAPEI-225.Aligned.trimmed.out.bam, out/FCH9EFLADXX-HUMbghEAACRAAPEI-225.Aligned.trimmed.out.bai
    output: out/FCH9EFLADXX-HUMbghEAACRAAPEI-225-stringtie.gtf
    log: out/logs/FCH9EFLADXX-HUMbghEAACRAAPEI-225.filterAndTrimBed.txt
    jobid: 12
    benchmark: out/benchmarks/FCH9EFLADXX-HUMbghEAACRAAPEI-225.StringTie.txt
    wildcards: sample=FCH9EFLADXX-HUMbghEAACRAAPEI-225

Submitted job 12 with external jobid 'Job <4046152> is submitted to default queue <cpuqueue>.'.
Finished job 12.
4 of 15 steps (27%) done

rule merge:
    input: out/FCH9EFLADXX-HUMbghEAACRAAPEI-225-stringtie.gtf
    output: out/all-merge/merged.gtf
    log: out/logs/merge.txt
    jobid: 10
    benchmark: out/benchmarks/merge.txt

Submitted job 10 with external jobid 'Job <4046159> is submitted to default queue <cpuqueue>.'.
Finished job 10.
5 of 15 steps (33%) done

rule UCSC_denovo:
    input: out/all-merge/merged.gtf
    output: out/all-merge/merged-UCSC.gtf
    log: out/logs/UCSC.txt
    jobid: 7
    benchmark: out/benchmarks/UCSC.txt

Submitted job 7 with external jobid 'Job <4046161> is submitted to default queue <cpuqueue>.'.
Finished job 7.
6 of 15 steps (40%) done

rule gtf_file_to_cDNA_seqs:
    input: out/all-merge/merged-UCSC.gtf
    output: out/all-merge/merged.transcripts.fasta, out/all-merge/merged.transcripts.gtf
    log: out/logs/merged.gtf_file_to_cDNA_seqs.txt
    jobid: 4
    benchmark: out/benchmarks/merged.gtf_file_to_cDNA_seqs.txt
    wildcards: model=merged

Submitted job 4 with external jobid 'Job <4046162> is submitted to default queue <cpuqueue>.'.
Finished job 4.
7 of 15 steps (47%) done

rule gtf_to_alignment_gff3:
    input: out/all-merge/merged.transcripts.gtf
    output: out/all-merge/merged/transcripts.gff3
    log: out/logs/merged.gtf_to_alignment_gff3.txt
    jobid: 5
    benchmark: out/benchmarks/merged.gtf_to_alignment_gff3.txt
    wildcards: model=merged

Submitted job 5 with external jobid 'Job <4046165> is submitted to default queue <cpuqueue>.'.

rule LongOrfs:
    input: out/all-merge/merged.transcripts.fasta
    output: out/all-merge/merged.transcripts.fasta.transdecoder_dir/longest_orfs.pep
    log: ../logs/merged.LongOrfs.txt
    jobid: 9
    benchmark: out/benchmarks/merged.LongOrfs.json
    wildcards: model=merged

Submitted job 9 with external jobid 'Job <4046166> is submitted to default queue <cpuqueue>.'.
Finished job 5.
8 of 15 steps (53%) done
Finished job 9.
9 of 15 steps (60%) done

rule blastp:
    input: out/all-merge/merged.transcripts.fasta.transdecoder_dir/longest_orfs.pep, /data/poirier/indexes/uniprot/UP000005640.fasta.pin, /data/poirier/indexes/uniprot/UP000005640.fasta.phr, /data/poirier/indexes/uniprot/UP000005640.fasta.psq
    output: out/all-merge/merged.blastp.outfmt6
    log: out/logs/merged.blastp.txt
    jobid: 8
    benchmark: out/benchmarks/merged.blastp.json
    wildcards: model=merged

Submitted job 8 with external jobid 'Job <4046200> is submitted to default queue <cpuqueue>.'.
Finished job 8.
10 of 15 steps (67%) done

rule Predict:
    input: out/all-merge/merged.transcripts.fasta.transdecoder_dir/longest_orfs.pep, out/all-merge/merged.transcripts.fasta, out/all-merge/merged.blastp.outfmt6
    output: out/all-merge/merged.transcripts.fasta.transdecoder.pep, out/all-merge/merged.transcripts.fasta.transdecoder.gff3
    log: ../logs/merged.Predict.txt
    jobid: 6
    benchmark: out/benchmarks/merged.Predict.json
    wildcards: model=merged

Submitted job 6 with external jobid 'Job <4046498> is submitted to default queue <cpuqueue>.'.
Finished job 6.
11 of 15 steps (73%) done

rule cdna_alignment_orf_to_genome_orf:
    input: out/all-merge/merged/transcripts.gff3, out/all-merge/merged.transcripts.fasta, out/all-merge/merged.transcripts.fasta.transdecoder.gff3
    output: out/all-merge/merged/transcripts.genome.gff3
    log: out/logs/merged.cdna_alignment_orf_to_genome_orf.txt
    jobid: 3
    benchmark: out/benchmarks/merged.cdna_alignment_orf_to_genome_orf.txt
    wildcards: model=merged

Submitted job 3 with external jobid 'Job <4046585> is submitted to default queue <cpuqueue>.'.
Finished job 3.
12 of 15 steps (80%) done

rule gff3_file_to_proteins:
    input: out/all-merge/merged/transcripts.genome.gff3
    output: out/all-merge/merged/proteome.fasta
    log: out/logs/merged.gff3_file_to_proteins.txt
    jobid: 2
    benchmark: out/benchmarks/merged.gff3_file_to_proteins.txt
    wildcards: model=merged

Submitted job 2 with external jobid 'Job <4046586> is submitted to default queue <cpuqueue>.'.
Finished job 2.
13 of 15 steps (87%) done

rule mqpar_conversion:
    input: out/all-merge/merged/proteome.fasta, /lila/home/chenz4/proteomegenerator/scripts/mqpar_dummy.xml, /lila/data/kentsis/Raw_files/K056
    output: out/all-merge/merged/mqpar.xml
    log: out/logs/merged.mqpar_conversion.txt
    jobid: 1
    benchmark: out/benchmarks/merged.mqpar_conversion.txt

Submitted job 1 with external jobid 'Job <4046597> is submitted to default queue <cpuqueue>.'.
Terminating processes on user request, this might take some time.
Will exit after finishing currently running jobs.
Complete log: /lila/home/chenz4/proteomegenerator/.snakemake/log/2018-06-21T091433.846055.snakemake.log
