Building DAG of jobs...
Using shell: /bin/bash
Provided cluster nodes: 50
Job counts:
	count	jobs
	1	BuildBamIndex
	1	FilterMutectCalls
	2	LongOrfs
	1	Mutect2_tumor_only
	2	Predict
	1	STAR_GTF
	1	SelectSNPs
	1	StringTie_GTF
	1	UCSC_GTF
	1	all
	2	blastp
	2	cdna_alignment_orf_to_genome_orf
	1	filter
	2	gff3_file_to_bed
	2	gff3_file_to_proteins
	2	gtf_file_to_cDNA_seqs
	2	gtf_to_alignment_gff3
	1	index
	2	maxQuant
	1	merge
	2	mqpar_conversion
	2	reorderFASTA
	1	vcf2fasta
	34

rule Mutect2_tumor_only:
    input: out/preprocess/K052_tumor.recal.analysis_ready.bam
    output: out/variants/K052_tumor_m2.vcf.gz, out/variants/K052_tumor_m2.vcf.gz.tbi
    jobid: 30
    benchmark: out/benchmarks/variants/K052_tumor_m2_tumor_only.txt
    wildcards: RG_TUMOR=K052_tumor

Submitted job 30 with external jobid 'Job <4705898> is submitted to default queue <cpuqueue>.'.
Finished job 30.
1 of 34 steps (3%) done

rule FilterMutectCalls:
    input: out/variants/K052_tumor_m2.vcf.gz, out/variants/K052_tumor_m2.vcf.gz.tbi
    output: out/variants/K052_tumor_m2_filtered.vcf.gz, out/variants/K052_tumor_m2_filtered.vcf.gz.tbi
    jobid: 28
    benchmark: out/benchmarks/variants/K052_tumor_m2_filter.txt
    wildcards: RG_TUMOR=K052_tumor

Submitted job 28 with external jobid 'Job <4705902> is submitted to default queue <cpuqueue>.'.
Finished job 28.
2 of 34 steps (6%) done

rule SelectSNPs:
    input: out/variants/K052_tumor_m2_filtered.vcf.gz, out/variants/K052_tumor_m2_filtered.vcf.gz.tbi
    output: out/variants/K052_tumor_m2_filtered_snps.vcf.gz
    jobid: 25
    benchmark: out/benchmarks/variants/K052_tumor_select_snp.txt
    wildcards: RG_TUMOR=K052_tumor

Submitted job 25 with external jobid 'Job <4705903> is submitted to default queue <cpuqueue>.'.
Finished job 25.
3 of 34 steps (9%) done

rule vcf2fasta:
    input: out/variants/K052_tumor_m2_filtered_snps.vcf.gz
    output: out/custom_ref/K052_tumor_SNP_patched.fa
    jobid: 17
    benchmark: out/benchmarks/custom_ref/K052_tumor_vcf2fasta.txt
    wildcards: RG_TUMOR=K052_tumor

Submitted job 17 with external jobid 'Job <4705904> is submitted to default queue <cpuqueue>.'.
Finished job 17.
4 of 34 steps (12%) done
[Errno 13] Permission denied: '/data/poirier/indexes/GRCh38/STAR'

rule index:
    input: out/custom_ref/K052_tumor_SNP_patched.fa
    output: /data/poirier/indexes/GRCh38/STAR
    log: out/logs/index.txt
    jobid: 37
    benchmark: out/benchmarks/index.txt

Submitted job 37 with external jobid 'Job <4705944> is submitted to default queue <cpuqueue>.'.
    Error in rule index:
        jobid: 37
        output: /data/poirier/indexes/GRCh38/STAR
        log: out/logs/index.txt
        conda-env: /lila/data/kentsis/testfiles/pgm2_test/.snakemake/conda/6d5478e3

Job failed, going on with independent jobs.
Exiting because a job execution failed. Look above for error message
Complete log: /lila/home/chenz4/proteomegenerator/.snakemake/log/2018-09-23T212738.461905.snakemake.log
