Building DAG of jobs...
Using shell: /bin/bash
Provided cluster nodes: 50
Job counts:
	count	jobs
	1	all
	1	vcf2chain
	2

rule vcf2chain:
    input: /lila/data/kentsis/testfiles/CR_test/out/custom_ref/sample.vcf.gz, out/sample_m2_filtered.vcf.gz.tbi
    output: out/custom_ref/REF-to-NA19670.chain
    jobid: 1
    benchmark: out/benchmarks/chn.txt

Submitted job 1 with external jobid 'Job <4274151> is submitted to default queue <cpuqueue>.'.
Finished job 1.
1 of 2 steps (50%) done

localrule all:
    input: out/custom_ref/REF-to-NA19670.chain
    jobid: 0

Finished job 0.
2 of 2 steps (100%) done
Complete log: /lila/home/chenz4/proteomegenerator/.snakemake/log/2018-07-25T205256.390665.snakemake.log
