Building DAG of jobs...
Using shell: /bin/bash
Provided cluster nodes: 50
Job counts:
	count	jobs
	1	AlignFastqReadsByRG
	1	ApplyBQSR
	1	BaseRecalibrator
	1	MarkDuplicates
	1	MergeUnmappedAndAlignedBAMs
	1	SortAndFixRealignedBamTags
	1	UnalignFastqReadsByRG
	1	all
	8

rule UnalignFastqReadsByRG:
    input: /lila/data/kentsis/testfiles/K052M2_test/k052_unaligned_r1.fastq, /lila/data/kentsis/testfiles/K052M2_test/k052_unaligned_r2.fastq
    output: out/K052_tumor}.unaligned.bam
    jobid: 6
    benchmark: out/benchmarks/K052_tumor}.unaligned.txt
    wildcards: SAMPLE_NAME=K052_tumor}

Submitted job 6 with external jobid 'Job <4280609> is submitted to default queue <cpuqueue>.'.

rule AlignFastqReadsByRG:
    input: /lila/data/kentsis/testfiles/K052M2_test/k052_unaligned_r1.fastq, /lila/data/kentsis/testfiles/K052M2_test/k052_unaligned_r2.fastq
    output: out/K052_tumor}.aligned.bam
    jobid: 7
    benchmark: out/benchmarks/K052_tumor}.align.txt
    wildcards: SAMPLE_NAME=K052_tumor}

Submitted job 7 with external jobid 'Job <4280610> is submitted to default queue <cpuqueue>.'.
Finished job 7.
1 of 8 steps (12%) done
Finished job 6.
2 of 8 steps (25%) done

rule MergeUnmappedAndAlignedBAMs:
    input: out/K052_tumor}.aligned.bam, out/K052_tumor}.unaligned.bam
    output: out/K052_tumor}.aligned_unaligned_merged.bam
    jobid: 5
    wildcards: SAMPLE_NAME=K052_tumor}

Submitted job 5 with external jobid 'Job <4280649> is submitted to default queue <cpuqueue>.'.
Finished job 5.
3 of 8 steps (38%) done

rule MarkDuplicates:
    input: out/K052_tumor}.aligned_unaligned_merged.bam
    output: out/K052_tumor.merged.RGmerged.dedup.bam
    jobid: 4
    wildcards: SAMPLE_NAME=K052_tumor

Submitted job 4 with external jobid 'Job <4280670> is submitted to default queue <cpuqueue>.'.
Finished job 4.
4 of 8 steps (50%) done

rule SortAndFixRealignedBamTags:
    input: out/K052_tumor.merged.RGmerged.dedup.bam
    output: out/K052_tumor.merged.RGmerged.dedup.fixedtags.readyforBQSR.bam, out/K052_tumor.merged.RGmerged.dedup.fixedtags.readyforBQSR.bai
    jobid: 3
    benchmark: out/benchmarks/K052_tumor_SortAndFixTags.txt
    wildcards: SAMPLE_NAME=K052_tumor

Submitted job 3 with external jobid 'Job <4280835> is submitted to default queue <cpuqueue>.'.
Terminating processes on user request, this might take some time.
Will exit after finishing currently running jobs.
Cancelling snakemake on user request.
