Building DAG of jobs...
Creating conda environment /lila/home/chenz4/proteomegenerator/envs/pgm2.yaml...
Downloading remote packages.
Environment for ../../../../home/chenz4/proteomegenerator/envs/pgm2.yaml created (location: .snakemake/conda/23c7d3f4)
Using shell: /bin/bash
Provided cluster nodes: 50
Job counts:
	count	jobs
	1	AlignFastqReadsByRG
	1	ApplyBQSR
	1	BaseRecalibrator
	1	BuildBamIndex
	1	FilterMutectCalls
	2	LongOrfs
	1	MarkDuplicates
	1	MergeUnmappedAndAlignedBAMs
	1	Mutect2_tumor_only
	2	Predict
	1	STAR_GTF
	1	SelectSNPs
	1	SortAndFixRealignedBamTags
	1	StringTie_GTF
	1	UCSC_GTF
	1	UnalignFastqReadsByRG
	1	all
	2	blastp
	2	cdna_alignment_orf_to_genome_orf
	1	filter
	1	g2g_VCI
	1	g2g_lift
	1	g2g_patch
	2	gff3_file_to_bed
	2	gff3_file_to_proteins
	2	gtf_file_to_cDNA_seqs
	2	gtf_to_alignment_gff3
	1	index
	2	maxQuant
	1	merge
	2	mqpar_conversion
	2	reorderFASTA
	43

rule AlignFastqReadsByRG:
    input: /lila/data/kentsis/testfiles/K052M2_test/k052_unaligned_r1.fastq, /lila/data/kentsis/testfiles/K052M2_test/k052_unaligned_r2.fastq
    output: out/preprocess/K052_tumor.aligned.bam
    jobid: 43
    benchmark: out/benchmarks/preprocess/K052_tumor.align.txt
    wildcards: SAMPLE_NAME=K052_tumor

Submitted job 43 with external jobid 'Job <4886609> is submitted to default queue <cpuqueue>.'.

rule UnalignFastqReadsByRG:
    input: /lila/data/kentsis/testfiles/K052M2_test/k052_unaligned_r1.fastq, /lila/data/kentsis/testfiles/K052M2_test/k052_unaligned_r2.fastq
    output: out/preprocess/K052_tumor.unaligned.bam
    jobid: 42
    benchmark: out/benchmarks/preprocess/K052_tumor.unaligned.txt
    wildcards: SAMPLE_NAME=K052_tumor

Submitted job 42 with external jobid 'Job <4886610> is submitted to default queue <cpuqueue>.'.
Finished job 42.
1 of 43 steps (2%) done
Finished job 43.
2 of 43 steps (5%) done

rule MergeUnmappedAndAlignedBAMs:
    input: out/preprocess/K052_tumor.aligned.bam, out/preprocess/K052_tumor.unaligned.bam
    output: out/preprocess/K052_tumor.aligned_unaligned_merged.bam
    jobid: 41
    benchmark: out/benchmarks/preprocess/K052_tumor.merge_aubam.txt
    wildcards: SAMPLE_NAME=K052_tumor

Submitted job 41 with external jobid 'Job <4886618> is submitted to default queue <cpuqueue>.'.
Finished job 41.
3 of 43 steps (7%) done

rule MarkDuplicates:
    input: out/preprocess/K052_tumor.aligned_unaligned_merged.bam
    output: out/preprocess/K052_tumor.merged.RGmerged.dedup.bam
    jobid: 40
    benchmark: out/benchmarks/preprocess/K052_tumor.markdups.txt
    wildcards: SAMPLE_NAME=K052_tumor

Submitted job 40 with external jobid 'Job <4886627> is submitted to default queue <cpuqueue>.'.
Finished job 40.
4 of 43 steps (9%) done

rule SortAndFixRealignedBamTags:
    input: out/preprocess/K052_tumor.merged.RGmerged.dedup.bam
    output: out/preprocess/K052_tumor.merged.RGmerged.dedup.fixedtags.readyforBQSR.bam, out/preprocess/K052_tumor.merged.RGmerged.dedup.fixedtags.readyforBQSR.bai
    jobid: 39
    benchmark: out/benchmarks/preprocess/K052_tumor_SortAndFixTags.txt
    wildcards: SAMPLE_NAME=K052_tumor

Submitted job 39 with external jobid 'Job <4886638> is submitted to default queue <cpuqueue>.'.
Finished job 39.
5 of 43 steps (12%) done

rule BaseRecalibrator:
    input: out/preprocess/K052_tumor.merged.RGmerged.dedup.fixedtags.readyforBQSR.bam
    output: out/preprocess/K052_tumor.BQSR.report
    jobid: 38
    benchmark: out/benchmarks/preprocess/K052_tumor_BQSR.txt
    wildcards: SAMPLE_NAME=K052_tumor

Submitted job 38 with external jobid 'Job <4886639> is submitted to default queue <cpuqueue>.'.
Finished job 38.
6 of 43 steps (14%) done

rule ApplyBQSR:
    input: out/preprocess/K052_tumor.BQSR.report, out/preprocess/K052_tumor.merged.RGmerged.dedup.fixedtags.readyforBQSR.bam
    output: out/preprocess/K052_tumor.recal.analysis_ready.bam
    jobid: 36
    benchmark: out/benchmarks/preprocess/K052_tumor_apply_bqsr.txt
    wildcards: SAMPLE_NAME=K052_tumor

Submitted job 36 with external jobid 'Job <4886645> is submitted to default queue <cpuqueue>.'.
Finished job 36.
7 of 43 steps (16%) done

rule Mutect2_tumor_only:
    input: out/preprocess/K052_tumor.recal.analysis_ready.bam
    output: out/variants/K052_tumor_m2.vcf.gz, out/variants/K052_tumor_m2.vcf.gz.tbi
    jobid: 34
    benchmark: out/benchmarks/variants/K052_tumor_m2_tumor_only.txt
    wildcards: RG_TUMOR=K052_tumor

Submitted job 34 with external jobid 'Job <4886647> is submitted to default queue <cpuqueue>.'.
Finished job 34.
8 of 43 steps (19%) done

rule FilterMutectCalls:
    input: out/variants/K052_tumor_m2.vcf.gz, out/variants/K052_tumor_m2.vcf.gz.tbi
    output: out/variants/K052_tumor_m2_filtered.vcf.gz, out/variants/K052_tumor_m2_filtered.vcf.gz.tbi
    jobid: 31
    benchmark: out/benchmarks/variants/K052_tumor_m2_filter.txt
    wildcards: RG_TUMOR=K052_tumor

Submitted job 31 with external jobid 'Job <4886704> is submitted to default queue <cpuqueue>.'.
Finished job 31.
9 of 43 steps (21%) done

rule SelectSNPs:
    input: out/variants/K052_tumor_m2_filtered.vcf.gz, out/variants/K052_tumor_m2_filtered.vcf.gz.tbi
    output: out/variants/K052_tumor_m2_filtered_snps.vcf.gz
    jobid: 29
    benchmark: out/benchmarks/variants/K052_tumor_select_snp.txt
    wildcards: RG_TUMOR=K052_tumor

Submitted job 29 with external jobid 'Job <4886705> is submitted to default queue <cpuqueue>.'.
Finished job 29.
10 of 43 steps (23%) done

rule g2g_VCI:
    input: out/variants/K052_tumor_m2_filtered_snps.vcf.gz
    output: out/custom_ref/K052_tumor.vci.gz
    jobid: 25
    benchmark: out/benchmarks/custom_ref/K052_tumor_g2g_VCI.txt
    wildcards: RG_TUMOR=K052_tumor

Submitted job 25 with external jobid 'Job <4886706> is submitted to default queue <cpuqueue>.'.
Finished job 25.
11 of 43 steps (26%) done

rule g2g_patch:
    input: out/custom_ref/K052_tumor.vci.gz
    output: out/custom_ref/K052_tumor_patched.fa
    jobid: 17
    benchmark: out/benchmarks/custom_ref/K052_tumor_g2g_patch.txt
    wildcards: RG_TUMOR=K052_tumor

Submitted job 17 with external jobid 'Job <4886707> is submitted to default queue <cpuqueue>.'.

rule g2g_lift:
    input: out/custom_ref/K052_tumor.vci.gz
    output: out/custom_ref/K052_tumor_patched.gtf
    jobid: 26
    benchmark: out/benchmarks/custom_ref/K052_tumor_g2g_lift.txt
    wildcards: RG_TUMOR=K052_tumor

Submitted job 26 with external jobid 'Job <4886708> is submitted to default queue <cpuqueue>.'.
Finished job 17.
12 of 43 steps (28%) done
Finished job 26.
13 of 43 steps (30%) done

rule index:
    input: out/custom_ref/K052_tumor_patched.fa, out/custom_ref/K052_tumor_patched.gtf
    output: /lila/data/kentsis/Databases/STAR_Full/
    log: out/logs/index.txt
    jobid: 37
    benchmark: out/benchmarks/index.txt

Submitted job 37 with external jobid 'Job <4886709> is submitted to default queue <cpuqueue>.'.
Finished job 37.
14 of 43 steps (33%) done

rule STAR_GTF:
    input: /lila/data/kentsis/Databases/STAR_Full/, out/custom_ref/K052_tumor_patched.gtf
    output: out/FCH9EFLADXX-HUMbghEAACRAAPEI-225.Aligned.sortedByCoord.out.bam
    log: out/logs/FCH9EFLADXX-HUMbghEAACRAAPEI-225.align.txt
    jobid: 35
    benchmark: out/benchmarks/FCH9EFLADXX-HUMbghEAACRAAPEI-225.align.json
    wildcards: sample=FCH9EFLADXX-HUMbghEAACRAAPEI-225

Submitted job 35 with external jobid 'Job <4886716> is submitted to default queue <cpuqueue>.'.
Finished job 35.
15 of 43 steps (35%) done

rule filter:
    input: out/FCH9EFLADXX-HUMbghEAACRAAPEI-225.Aligned.sortedByCoord.out.bam
    output: out/FCH9EFLADXX-HUMbghEAACRAAPEI-225.Aligned.trimmed.out.bam
    log: out/logs/FCH9EFLADXX-HUMbghEAACRAAPEI-225.filter.txt
    jobid: 33
    benchmark: out/benchmarks/FCH9EFLADXX-HUMbghEAACRAAPEI-225.filter.txt
    wildcards: sample=FCH9EFLADXX-HUMbghEAACRAAPEI-225

Submitted job 33 with external jobid 'Job <4886989> is submitted to default queue <cpuqueue>.'.
Removing temporary output file out/FCH9EFLADXX-HUMbghEAACRAAPEI-225.Aligned.sortedByCoord.out.bam.
Finished job 33.
16 of 43 steps (37%) done

rule BuildBamIndex:
    input: out/FCH9EFLADXX-HUMbghEAACRAAPEI-225.Aligned.trimmed.out.bam
    output: out/FCH9EFLADXX-HUMbghEAACRAAPEI-225.Aligned.trimmed.out.bai
    log: out/logs/FCH9EFLADXX-HUMbghEAACRAAPEI-225.BuildBamIndex.txt
    jobid: 32
    benchmark: out/benchmarks/FCH9EFLADXX-HUMbghEAACRAAPEI-225.BuildBamIndex.txt
    wildcards: sample=FCH9EFLADXX-HUMbghEAACRAAPEI-225

Submitted job 32 with external jobid 'Job <4886990> is submitted to default queue <cpuqueue>.'.
Finished job 32.
17 of 43 steps (40%) done

rule StringTie_GTF:
    input: out/FCH9EFLADXX-HUMbghEAACRAAPEI-225.Aligned.trimmed.out.bam, out/FCH9EFLADXX-HUMbghEAACRAAPEI-225.Aligned.trimmed.out.bai, out/custom_ref/K052_tumor_patched.gtf
    output: out/FCH9EFLADXX-HUMbghEAACRAAPEI-225-stringtie.gtf
    log: out/logs/FCH9EFLADXX-HUMbghEAACRAAPEI-225.filterAndTrimBed.txt
    jobid: 30
    benchmark: out/benchmarks/FCH9EFLADXX-HUMbghEAACRAAPEI-225.StringTie.txt
    wildcards: sample=FCH9EFLADXX-HUMbghEAACRAAPEI-225

Submitted job 30 with external jobid 'Job <4886991> is submitted to default queue <cpuqueue>.'.
Finished job 30.
18 of 43 steps (42%) done

rule merge:
    input: out/FCH9EFLADXX-HUMbghEAACRAAPEI-225-stringtie.gtf
    output: out/all-merge/merged.gtf
    log: out/logs/merge.txt
    jobid: 27
    benchmark: out/benchmarks/merge.txt

Submitted job 27 with external jobid 'Job <4886992> is submitted to default queue <cpuqueue>.'.
Finished job 27.
19 of 43 steps (44%) done

localrule UCSC_GTF:
    input: out/all-merge/merged.gtf, out/custom_ref/K052_tumor_patched.gtf
    output: out/all-merge/merged-UCSC.gtf, out/all-merge/reference-UCSC.gtf
    log: out/logs/UCSC.txt
    jobid: 18
    benchmark: out/benchmarks/UCSC.txt

Activating singularity image /lila/data/kentsis/testfiles/pgm2_test_full/.snakemake/singularity/7fab8edb3f0c745f022e1142ae9830f5.simg
Finished job 18.
20 of 43 steps (47%) done

rule gtf_file_to_cDNA_seqs:
    input: out/all-merge/merged-UCSC.gtf, out/custom_ref/K052_tumor_patched.fa
    output: out/all-merge/merged.transcripts.fasta, out/all-merge/merged.transcripts.gtf
    log: out/logs/merged.gtf_file_to_cDNA_seqs.txt
    jobid: 15
    benchmark: out/benchmarks/merged.gtf_file_to_cDNA_seqs.txt
    wildcards: model=merged

Submitted job 15 with external jobid 'Job <4886993> is submitted to default queue <cpuqueue>.'.

rule gtf_file_to_cDNA_seqs:
    input: out/all-merge/reference-UCSC.gtf, out/custom_ref/K052_tumor_patched.fa
    output: out/all-merge/reference.transcripts.fasta, out/all-merge/reference.transcripts.gtf
    log: out/logs/reference.gtf_file_to_cDNA_seqs.txt
    jobid: 9
    benchmark: out/benchmarks/reference.gtf_file_to_cDNA_seqs.txt
    wildcards: model=reference

Submitted job 9 with external jobid 'Job <4886994> is submitted to default queue <cpuqueue>.'.
Finished job 9.
21 of 43 steps (49%) done

rule LongOrfs:
    input: out/all-merge/reference.transcripts.fasta
    output: out/all-merge/reference.transcripts.fasta.transdecoder_dir/longest_orfs.pep
    log: ../logs/reference.LongOrfs.txt
    jobid: 20
    benchmark: out/benchmarks/reference.LongOrfs.json
    wildcards: model=reference

Submitted job 20 with external jobid 'Job <4886995> is submitted to default queue <cpuqueue>.'.

rule gtf_to_alignment_gff3:
    input: out/all-merge/reference.transcripts.gtf
    output: out/all-merge/reference/transcripts.gff3
    log: out/logs/reference.gtf_to_alignment_gff3.txt
    jobid: 10
    benchmark: out/benchmarks/reference.gtf_to_alignment_gff3.txt
    wildcards: model=reference

Submitted job 10 with external jobid 'Job <4886996> is submitted to default queue <cpuqueue>.'.
Finished job 15.
22 of 43 steps (51%) done

rule gtf_to_alignment_gff3:
    input: out/all-merge/merged.transcripts.gtf
    output: out/all-merge/merged/transcripts.gff3
    log: out/logs/merged.gtf_to_alignment_gff3.txt
    jobid: 13
    benchmark: out/benchmarks/merged.gtf_to_alignment_gff3.txt
    wildcards: model=merged

Submitted job 13 with external jobid 'Job <4886997> is submitted to default queue <cpuqueue>.'.

rule LongOrfs:
    input: out/all-merge/merged.transcripts.fasta
    output: out/all-merge/merged.transcripts.fasta.transdecoder_dir/longest_orfs.pep
    log: ../logs/merged.LongOrfs.txt
    jobid: 22
    benchmark: out/benchmarks/merged.LongOrfs.json
    wildcards: model=merged

Submitted job 22 with external jobid 'Job <4886998> is submitted to default queue <cpuqueue>.'.
Finished job 10.
23 of 43 steps (53%) done
Finished job 13.
24 of 43 steps (56%) done
Finished job 22.
25 of 43 steps (58%) done

rule blastp:
    input: out/all-merge/merged.transcripts.fasta.transdecoder_dir/longest_orfs.pep, /data/poirier/indexes/uniprot/UP000005640.fasta.pin, /data/poirier/indexes/uniprot/UP000005640.fasta.phr, /data/poirier/indexes/uniprot/UP000005640.fasta.psq
    output: out/all-merge/merged.blastp.outfmt6
    log: out/logs/merged.blastp.txt
    jobid: 23
    benchmark: out/benchmarks/merged.blastp.json
    wildcards: model=merged

Submitted job 23 with external jobid 'Job <4886999> is submitted to default queue <cpuqueue>.'.
Finished job 20.
26 of 43 steps (60%) done

rule blastp:
    input: out/all-merge/reference.transcripts.fasta.transdecoder_dir/longest_orfs.pep, /data/poirier/indexes/uniprot/UP000005640.fasta.pin, /data/poirier/indexes/uniprot/UP000005640.fasta.phr, /data/poirier/indexes/uniprot/UP000005640.fasta.psq
    output: out/all-merge/reference.blastp.outfmt6
    log: out/logs/reference.blastp.txt
    jobid: 19
    benchmark: out/benchmarks/reference.blastp.json
    wildcards: model=reference

Submitted job 19 with external jobid 'Job <4887000> is submitted to default queue <cpuqueue>.'.
Finished job 19.
27 of 43 steps (63%) done

rule Predict:
    input: out/all-merge/reference.transcripts.fasta.transdecoder_dir/longest_orfs.pep, out/all-merge/reference.transcripts.fasta, out/all-merge/reference.blastp.outfmt6
    output: out/all-merge/reference.transcripts.fasta.transdecoder.pep, out/all-merge/reference.transcripts.fasta.transdecoder.gff3
    log: ../logs/reference.Predict.txt
    jobid: 11
    benchmark: out/benchmarks/reference.Predict.json
    wildcards: model=reference

Submitted job 11 with external jobid 'Job <4887108> is submitted to default queue <cpuqueue>.'.
Finished job 11.
28 of 43 steps (65%) done

rule cdna_alignment_orf_to_genome_orf:
    input: out/all-merge/reference/transcripts.gff3, out/all-merge/reference.transcripts.fasta, out/all-merge/reference.transcripts.fasta.transdecoder.gff3
    output: out/all-merge/reference/transcripts.genome.gff3
    log: out/logs/reference.cdna_alignment_orf_to_genome_orf.txt
    jobid: 5
    benchmark: out/benchmarks/reference.cdna_alignment_orf_to_genome_orf.txt
    wildcards: model=reference

Submitted job 5 with external jobid 'Job <4887124> is submitted to default queue <cpuqueue>.'.
Finished job 5.
29 of 43 steps (67%) done

rule gff3_file_to_proteins:
    input: out/all-merge/reference/transcripts.genome.gff3, out/custom_ref/K052_tumor_patched.fa
    output: out/all-merge/reference/proteome.fasta
    log: out/logs/reference.gff3_file_to_proteins.txt
    jobid: 24
    benchmark: out/benchmarks/reference.gff3_file_to_proteins.txt
    wildcards: model=reference

Submitted job 24 with external jobid 'Job <4887126> is submitted to default queue <cpuqueue>.'.

rule gff3_file_to_bed:
    input: out/all-merge/reference/transcripts.genome.gff3
    output: out/all-merge/reference/proteome.bed
    log: out/logs/reference.gff3_file_to_bed.txt
    jobid: 1
    benchmark: out/benchmarks/reference.gff3_file_to_bed.txt
    wildcards: model=reference

Submitted job 1 with external jobid 'Job <4887127> is submitted to default queue <cpuqueue>.'.
Finished job 1.
30 of 43 steps (70%) done
Finished job 24.
31 of 43 steps (72%) done

rule reorderFASTA:
    input: out/all-merge/reference/proteome.fasta
    output: out/all-merge/reference/proteome.unique.fasta
    log: out/logs/reference.reorderFASTA.txt
    jobid: 16
    benchmark: out/benchmarks/reference.reorderFASTA.txt
    wildcards: model=reference

Submitted job 16 with external jobid 'Job <4887131> is submitted to default queue <cpuqueue>.'.
Finished job 16.
32 of 43 steps (74%) done

localrule mqpar_conversion:
    input: out/all-merge/reference/proteome.unique.fasta
    output: out/reference_mqpar.xml
    log: out/logs/reference.mqpar_conversion.txt
    jobid: 8
    benchmark: out/benchmarks/reference.mqpar_conversion.txt
    wildcards: model=reference

Finished job 8.
33 of 43 steps (77%) done

rule maxQuant:
    input: out/reference_mqpar.xml
    output: out/all-merge/reference/combined/txt/summary.txt
    log: out/logs/reference.maxQuant.txt
    jobid: 4
    benchmark: out/benchmarks/reference.maxQuant.txt
    wildcards: model=reference

Submitted job 4 with external jobid 'Job <4887132> is submitted to default queue <cpuqueue>.'.
Finished job 23.
34 of 43 steps (79%) done

rule Predict:
    input: out/all-merge/merged.transcripts.fasta.transdecoder_dir/longest_orfs.pep, out/all-merge/merged.transcripts.fasta, out/all-merge/merged.blastp.outfmt6
    output: out/all-merge/merged.transcripts.fasta.transdecoder.pep, out/all-merge/merged.transcripts.fasta.transdecoder.gff3
    log: ../logs/merged.Predict.txt
    jobid: 14
    benchmark: out/benchmarks/merged.Predict.json
    wildcards: model=merged

Submitted job 14 with external jobid 'Job <4887148> is submitted to default queue <cpuqueue>.'.
Finished job 14.
35 of 43 steps (81%) done

rule cdna_alignment_orf_to_genome_orf:
    input: out/all-merge/merged/transcripts.gff3, out/all-merge/merged.transcripts.fasta, out/all-merge/merged.transcripts.fasta.transdecoder.gff3
    output: out/all-merge/merged/transcripts.genome.gff3
    log: out/logs/merged.cdna_alignment_orf_to_genome_orf.txt
    jobid: 7
    benchmark: out/benchmarks/merged.cdna_alignment_orf_to_genome_orf.txt
    wildcards: model=merged

Submitted job 7 with external jobid 'Job <4887270> is submitted to default queue <cpuqueue>.'.
Finished job 7.
36 of 43 steps (84%) done

rule gff3_file_to_bed:
    input: out/all-merge/merged/transcripts.genome.gff3
    output: out/all-merge/merged/proteome.bed
    log: out/logs/merged.gff3_file_to_bed.txt
    jobid: 3
    benchmark: out/benchmarks/merged.gff3_file_to_bed.txt
    wildcards: model=merged

Submitted job 3 with external jobid 'Job <4887272> is submitted to default queue <cpuqueue>.'.

rule gff3_file_to_proteins:
    input: out/all-merge/merged/transcripts.genome.gff3, out/custom_ref/K052_tumor_patched.fa
    output: out/all-merge/merged/proteome.fasta
    log: out/logs/merged.gff3_file_to_proteins.txt
    jobid: 21
    benchmark: out/benchmarks/merged.gff3_file_to_proteins.txt
    wildcards: model=merged

Submitted job 21 with external jobid 'Job <4887273> is submitted to default queue <cpuqueue>.'.
Finished job 3.
37 of 43 steps (86%) done
Finished job 21.
38 of 43 steps (88%) done

rule reorderFASTA:
    input: out/all-merge/merged/proteome.fasta
    output: out/all-merge/merged/proteome.unique.fasta
    log: out/logs/merged.reorderFASTA.txt
    jobid: 12
    benchmark: out/benchmarks/merged.reorderFASTA.txt
    wildcards: model=merged

Submitted job 12 with external jobid 'Job <4888105> is submitted to default queue <cpuqueue>.'.
Finished job 12.
39 of 43 steps (91%) done

localrule mqpar_conversion:
    input: out/all-merge/merged/proteome.unique.fasta
    output: out/merged_mqpar.xml
    log: out/logs/merged.mqpar_conversion.txt
    jobid: 6
    benchmark: out/benchmarks/merged.mqpar_conversion.txt
    wildcards: model=merged

Finished job 6.
40 of 43 steps (93%) done

rule maxQuant:
    input: out/merged_mqpar.xml
    output: out/all-merge/merged/combined/txt/summary.txt
    log: out/logs/merged.maxQuant.txt
    jobid: 2
    benchmark: out/benchmarks/merged.maxQuant.txt
    wildcards: model=merged

Submitted job 2 with external jobid 'Job <4888126> is submitted to default queue <cpuqueue>.'.
    Error in rule maxQuant:
        jobid: 4
        output: out/all-merge/reference/combined/txt/summary.txt
        log: out/logs/reference.maxQuant.txt

Job failed, going on with independent jobs.
Finished job 2.
41 of 43 steps (95%) done
Exiting because a job execution failed. Look above for error message
Complete log: /lila/home/chenz4/proteomegenerator/.snakemake/log/2018-10-21T141919.815309.snakemake.log
