Building DAG of jobs...
Using shell: /bin/bash
Provided cluster nodes: 50
Job counts:
	count	jobs
	1	LiftIndelsOverRef
	1	all
	2

rule LiftIndelsOverRef:
    input: out/custom_ref/sample.vci.gz, out/custom_ref/snps_patched.fa
    output: out/custom_ref/sample_ref.fa
    log: out/logs/liftIndelRef.txt
    jobid: 1
    benchmark: out/benchmarks/lift_indels.txt

Submitted job 1 with external jobid 'Job <4246676> is submitted to default queue <cpuqueue>.'.
    Error in rule LiftIndelsOverRef:
        jobid: 1
        output: out/custom_ref/sample_ref.fa
        log: out/logs/liftIndelRef.txt
        conda-env: /lila/data/kentsis/testfiles/CR_test/.snakemake/conda/6ae14354

Job failed, going on with independent jobs.
Exiting because a job execution failed. Look above for error message
Complete log: /lila/home/chenz4/proteomegenerator/.snakemake/log/2018-07-24T170446.381747.snakemake.log
