Building DAG of jobs...
Using shell: /bin/bash
Provided cluster nodes: 50
Job counts:
	count	jobs
	1	SelectSNPs
	1	all
	1	vcf2fasta
	3

rule SelectSNPs:
    input: out/sample_m2_filtered.vcf.gz, out/sample_m2_filtered.vcf.gz.tbi
    output: out/sample_m2_filtered_snps.vcf.gz
    jobid: 2
    benchmark: out/benchmarks/select_snp.txt

Submitted job 2 with external jobid 'Job <4282148> is submitted to default queue <cpuqueue>.'.
Finished job 2.
1 of 3 steps (33%) done

rule vcf2fasta:
    input: out/sample_m2_filtered_snps.vcf.gz
    output: out/sample_SNP_ref.fa
    log: out/logs/vcf2fasta.txt
    jobid: 1
    benchmark: out/benchmarks/vcf2fasta.txt

Submitted job 1 with external jobid 'Job <4282149> is submitted to default queue <cpuqueue>.'.
Finished job 1.
2 of 3 steps (67%) done

localrule all:
    input: out/sample_SNP_ref.fa
    jobid: 0

Finished job 0.
3 of 3 steps (100%) done
Complete log: /lila/home/chenz4/proteomegenerator/.snakemake/log/2018-07-28T095121.778277.snakemake.log
