localrules directive specifies rules that are not present in the Snakefile:
	UCSC_UCSC_denovo

Building DAG of jobs...
Pulling singularity image docker://mono:5.12.0.226.
Pulling singularity image docker://continuumio/miniconda3:4.5.4.
Creating conda environment /lila/home/chenz4/proteomegenerator/envs/myenv.yaml...
Downloading remote packages.
Environment for ../../../../home/chenz4/proteomegenerator/envs/myenv.yaml created (location: .snakemake/conda/ec69aaea)
Using shell: /bin/bash
Provided cluster nodes: 50
Job counts:
	count	jobs
	1	BuildBamIndex
	1	LongOrfs
	1	Predict
	1	STAR_denovo
	1	StringTie_denovo
	1	UCSC_denovo
	1	all
	1	blastp
	1	cdna_alignment_orf_to_genome_orf
	1	filter
	1	gff3_file_to_proteins
	1	gtf_file_to_cDNA_seqs
	1	gtf_to_alignment_gff3
	1	maxQuant
	1	merge
	1	mqpar_conversion
	1	reorderFASTA
	17

rule STAR_denovo:
    input: /data/kentsis/RNAseq/K0562/FCH9EFLADXX-HUMbghEAACRAAPEI-225_L1_1.fq.gz, /data/kentsis/RNAseq/K0562/FCH9EFLADXX-HUMbghEAACRAAPEI-225_L2_1.fq.gz, /data/kentsis/RNAseq/K0562/FCH9EFLADXX-HUMbghEAACRAAPEI-225_L1_2.fq.gz, /data/kentsis/RNAseq/K0562/FCH9EFLADXX-HUMbghEAACRAAPEI-225_L2_2.fq.gz, /data/poirier/indexes/GRCh38/STAR
    output: out/FCH9EFLADXX-HUMbghEAACRAAPEI-225.Aligned.sortedByCoord.out.bam
    log: out/logs/FCH9EFLADXX-HUMbghEAACRAAPEI-225.align.txt
    jobid: 17
    benchmark: out/benchmarks/FCH9EFLADXX-HUMbghEAACRAAPEI-225.align.json
    wildcards: sample=FCH9EFLADXX-HUMbghEAACRAAPEI-225

Submitted job 17 with external jobid 'Job <4135866> is submitted to default queue <cpuqueue>.'.
Finished job 17.
1 of 17 steps (6%) done

rule filter:
    input: out/FCH9EFLADXX-HUMbghEAACRAAPEI-225.Aligned.sortedByCoord.out.bam
    output: out/FCH9EFLADXX-HUMbghEAACRAAPEI-225.Aligned.trimmed.out.bam
    log: out/logs/FCH9EFLADXX-HUMbghEAACRAAPEI-225.filter.txt
    jobid: 15
    benchmark: out/benchmarks/FCH9EFLADXX-HUMbghEAACRAAPEI-225.filter.txt
    wildcards: sample=FCH9EFLADXX-HUMbghEAACRAAPEI-225

Submitted job 15 with external jobid 'Job <4136317> is submitted to default queue <cpuqueue>.'.
Removing temporary output file out/FCH9EFLADXX-HUMbghEAACRAAPEI-225.Aligned.sortedByCoord.out.bam.
Finished job 15.
2 of 17 steps (12%) done

rule BuildBamIndex:
    input: out/FCH9EFLADXX-HUMbghEAACRAAPEI-225.Aligned.trimmed.out.bam
    output: out/FCH9EFLADXX-HUMbghEAACRAAPEI-225.Aligned.trimmed.out.bai
    log: out/logs/FCH9EFLADXX-HUMbghEAACRAAPEI-225.BuildBamIndex.txt
    jobid: 16
    benchmark: out/benchmarks/FCH9EFLADXX-HUMbghEAACRAAPEI-225.BuildBamIndex.txt
    wildcards: sample=FCH9EFLADXX-HUMbghEAACRAAPEI-225

Submitted job 16 with external jobid 'Job <4136361> is submitted to default queue <cpuqueue>.'.
Finished job 16.
3 of 17 steps (18%) done

rule StringTie_denovo:
    input: out/FCH9EFLADXX-HUMbghEAACRAAPEI-225.Aligned.trimmed.out.bam, out/FCH9EFLADXX-HUMbghEAACRAAPEI-225.Aligned.trimmed.out.bai
    output: out/FCH9EFLADXX-HUMbghEAACRAAPEI-225-stringtie.gtf
    log: out/logs/FCH9EFLADXX-HUMbghEAACRAAPEI-225.filterAndTrimBed.txt
    jobid: 14
    benchmark: out/benchmarks/FCH9EFLADXX-HUMbghEAACRAAPEI-225.StringTie.txt
    wildcards: sample=FCH9EFLADXX-HUMbghEAACRAAPEI-225

Submitted job 14 with external jobid 'Job <4136381> is submitted to default queue <cpuqueue>.'.
Finished job 14.
4 of 17 steps (24%) done

rule merge:
    input: out/FCH9EFLADXX-HUMbghEAACRAAPEI-225-stringtie.gtf
    output: out/all-merge/merged.gtf
    log: out/logs/merge.txt
    jobid: 13
    benchmark: out/benchmarks/merge.txt

Submitted job 13 with external jobid 'Job <4136413> is submitted to default queue <cpuqueue>.'.
Finished job 13.
5 of 17 steps (29%) done

rule UCSC_denovo:
    input: out/all-merge/merged.gtf
    output: out/all-merge/merged-UCSC.gtf
    log: out/logs/UCSC.txt
    jobid: 11
    benchmark: out/benchmarks/UCSC.txt

Submitted job 11 with external jobid 'Job <4136414> is submitted to default queue <cpuqueue>.'.
Finished job 11.
6 of 17 steps (35%) done

rule gtf_file_to_cDNA_seqs:
    input: out/all-merge/merged-UCSC.gtf
    output: out/all-merge/merged.transcripts.fasta, out/all-merge/merged.transcripts.gtf
    log: out/logs/merged.gtf_file_to_cDNA_seqs.txt
    jobid: 8
    benchmark: out/benchmarks/merged.gtf_file_to_cDNA_seqs.txt
    wildcards: model=merged

Submitted job 8 with external jobid 'Job <4136415> is submitted to default queue <cpuqueue>.'.
Finished job 8.
7 of 17 steps (41%) done

rule LongOrfs:
    input: out/all-merge/merged.transcripts.fasta
    output: out/all-merge/merged.transcripts.fasta.transdecoder_dir/longest_orfs.pep
    log: ../logs/merged.LongOrfs.txt
    jobid: 9
    benchmark: out/benchmarks/merged.LongOrfs.json
    wildcards: model=merged

Submitted job 9 with external jobid 'Job <4136417> is submitted to default queue <cpuqueue>.'.

rule gtf_to_alignment_gff3:
    input: out/all-merge/merged.transcripts.gtf
    output: out/all-merge/merged/transcripts.gff3
    log: out/logs/merged.gtf_to_alignment_gff3.txt
    jobid: 7
    benchmark: out/benchmarks/merged.gtf_to_alignment_gff3.txt
    wildcards: model=merged

Submitted job 7 with external jobid 'Job <4136418> is submitted to default queue <cpuqueue>.'.
Finished job 7.
8 of 17 steps (47%) done
Finished job 9.
9 of 17 steps (53%) done

rule blastp:
    input: out/all-merge/merged.transcripts.fasta.transdecoder_dir/longest_orfs.pep, /data/poirier/indexes/uniprot/UP000005640.fasta.pin, /data/poirier/indexes/uniprot/UP000005640.fasta.phr, /data/poirier/indexes/uniprot/UP000005640.fasta.psq
    output: out/all-merge/merged.blastp.outfmt6
    log: out/logs/merged.blastp.txt
    jobid: 10
    benchmark: out/benchmarks/merged.blastp.json
    wildcards: model=merged

Submitted job 10 with external jobid 'Job <4136420> is submitted to default queue <cpuqueue>.'.
