Building DAG of jobs...
Creating conda environment /lila/home/chenz4/proteomegenerator/preprocess.yaml...
Downloading remote packages.
Environment for ../../../../home/chenz4/proteomegenerator/preprocess.yaml created (location: .snakemake/conda/3b20e511)
Using shell: /bin/bash
Provided cluster nodes: 50
Job counts:
	count	jobs
	1	AlignFastqReadsByRG
	1	ApplyBQSR
	1	BaseRecalibrator
	1	MarkDuplicates
	1	MergeUnmappedAndAlignedBAMs
	1	SortAndFixRealignedBamTags
	1	UnalignFastqReadsByRG
	1	all
	8

rule AlignFastqReadsByRG:
    input: /lila/data/kentsis/testfiles/K052M2_test/k052_unaligned_r1.fastq, /lila/data/kentsis/testfiles/K052M2_test/k052_unaligned_r2.fastq
    output: out/K052_tumor}.aligned.bam
    jobid: 7
    benchmark: out/benchmarks/K052_tumor}.align.txt
    wildcards: SAMPLE_NAME=K052_tumor}

Submitted job 7 with external jobid 'Job <4280481> is submitted to default queue <cpuqueue>.'.

rule UnalignFastqReadsByRG:
    input: /lila/data/kentsis/testfiles/K052M2_test/k052_unaligned_r1.fastq, /lila/data/kentsis/testfiles/K052M2_test/k052_unaligned_r2.fastq
    output: out/K052_tumor}.unaligned.bam
    jobid: 6
    benchmark: out/benchmarks/K052_tumor}.unaligned.txt
    wildcards: SAMPLE_NAME=K052_tumor}

Submitted job 6 with external jobid 'Job <4280482> is submitted to default queue <cpuqueue>.'.
    Error in rule AlignFastqReadsByRG:
        jobid: 7
        output: out/K052_tumor}.aligned.bam
        conda-env: /lila/data/kentsis/testfiles/K052M2_test/.snakemake/conda/3b20e511

Job failed, going on with independent jobs.
Terminating processes on user request, this might take some time.
Will exit after finishing currently running jobs.
Cancelling snakemake on user request.
