Building DAG of jobs...
Creating conda environment /lila/home/chenz4/proteomegenerator/envs/myenv.yaml...
Downloading remote packages.
Environment for ../../../../home/chenz4/proteomegenerator/envs/myenv.yaml created (location: .snakemake/conda/6d5478e3)
Creating conda environment /lila/home/chenz4/proteomegenerator/envs/pgm2.yaml...
Downloading remote packages.
Environment for ../../../../home/chenz4/proteomegenerator/envs/pgm2.yaml created (location: .snakemake/conda/9ef1d002)
Using shell: /bin/bash
Provided cluster nodes: 50
Job counts:
	count	jobs
	1	AlignFastqReadsByRG
	1	ApplyBQSR
	1	BaseRecalibrator
	1	BuildBamIndex
	1	FilterMutectCalls
	2	LongOrfs
	1	MarkDuplicates
	1	MergeUnmappedAndAlignedBAMs
	1	Mutect2_tumor_only
	2	Predict
	1	STAR_GTF
	1	SelectSNPs
	1	SortAndFixRealignedBamTags
	1	StringTie_GTF
	1	UCSC_GTF
	1	UnalignFastqReadsByRG
	1	all
	2	blastp
	2	cdna_alignment_orf_to_genome_orf
	1	filter
	2	gff3_file_to_bed
	2	gff3_file_to_proteins
	2	gtf_file_to_cDNA_seqs
	2	gtf_to_alignment_gff3
	1	index
	2	maxQuant
	1	merge
	2	mqpar_conversion
	2	reorderFASTA
	1	vcf2fasta
	41

rule UnalignFastqReadsByRG:
    input: /lila/home/chenz4/proteomegenerator/K052_DNA_subset_r1.fastq, /lila/home/chenz4/proteomegenerator/K052_DNA_subset_r2.fastq
    output: out/preprocess/K052_tumor.unaligned.bam
    jobid: 40
    benchmark: out/benchmarks/preprocess/K052_tumor.unaligned.txt
    wildcards: SAMPLE_NAME=K052_tumor

Submitted job 40 with external jobid 'Job <4705887> is submitted to default queue <cpuqueue>.'.

rule AlignFastqReadsByRG:
    input: /lila/home/chenz4/proteomegenerator/K052_DNA_subset_r1.fastq, /lila/home/chenz4/proteomegenerator/K052_DNA_subset_r2.fastq
    output: out/preprocess/K052_tumor.aligned.bam
    jobid: 41
    benchmark: out/benchmarks/preprocess/K052_tumor.align.txt
    wildcards: SAMPLE_NAME=K052_tumor

Submitted job 41 with external jobid 'Job <4705888> is submitted to default queue <cpuqueue>.'.
Finished job 40.
1 of 41 steps (2%) done
Finished job 41.
2 of 41 steps (5%) done

rule MergeUnmappedAndAlignedBAMs:
    input: out/preprocess/K052_tumor.aligned.bam, out/preprocess/K052_tumor.unaligned.bam
    output: out/preprocess/K052_tumor.aligned_unaligned_merged.bam
    jobid: 39
    benchmark: out/benchmarks/preprocess/K052_tumor.merge_aubam.txt
    wildcards: SAMPLE_NAME=K052_tumor

Submitted job 39 with external jobid 'Job <4705889> is submitted to default queue <cpuqueue>.'.
Finished job 39.
3 of 41 steps (7%) done

rule MarkDuplicates:
    input: out/preprocess/K052_tumor.aligned_unaligned_merged.bam
    output: out/preprocess/K052_tumor.merged.RGmerged.dedup.bam
    jobid: 38
    benchmark: out/benchmarks/preprocess/K052_tumor.markdups.txt
    wildcards: SAMPLE_NAME=K052_tumor

Submitted job 38 with external jobid 'Job <4705890> is submitted to default queue <cpuqueue>.'.
Finished job 38.
4 of 41 steps (10%) done

rule SortAndFixRealignedBamTags:
    input: out/preprocess/K052_tumor.merged.RGmerged.dedup.bam
    output: out/preprocess/K052_tumor.merged.RGmerged.dedup.fixedtags.readyforBQSR.bam, out/preprocess/K052_tumor.merged.RGmerged.dedup.fixedtags.readyforBQSR.bai
    jobid: 37
    benchmark: out/benchmarks/preprocess/K052_tumor_SortAndFixTags.txt
    wildcards: SAMPLE_NAME=K052_tumor

Submitted job 37 with external jobid 'Job <4705891> is submitted to default queue <cpuqueue>.'.
Finished job 37.
5 of 41 steps (12%) done

rule BaseRecalibrator:
    input: out/preprocess/K052_tumor.merged.RGmerged.dedup.fixedtags.readyforBQSR.bam
    output: out/preprocess/K052_tumor.BQSR.report
    jobid: 36
    benchmark: out/benchmarks/preprocess/K052_tumor_BQSR.txt
    wildcards: SAMPLE_NAME=K052_tumor

Submitted job 36 with external jobid 'Job <4705893> is submitted to default queue <cpuqueue>.'.
Finished job 36.
6 of 41 steps (15%) done

rule ApplyBQSR:
    input: out/preprocess/K052_tumor.BQSR.report, out/preprocess/K052_tumor.merged.RGmerged.dedup.fixedtags.readyforBQSR.bam
    output: out/preprocess/K052_tumor.recal.analysis_ready.bam
    jobid: 34
    benchmark: out/benchmarks/preprocess/K052_tumor_apply_bqsr.txt
    wildcards: SAMPLE_NAME=K052_tumor

Submitted job 34 with external jobid 'Job <4705894> is submitted to default queue <cpuqueue>.'.
Finished job 34.
7 of 41 steps (17%) done

rule Mutect2_tumor_only:
    input: out/preprocess/K052_tumor.recal.analysis_ready.bam
    output: out/variants/K052_tumor_m2.vcf.gz, out/variants/K052_tumor_m2.vcf.gz.tbi
    jobid: 32
    benchmark: out/benchmarks/variants/K052_tumor_m2_tumor_only.txt
    wildcards: RG_TUMOR=K052_tumor

Submitted job 32 with external jobid 'Job <4705895> is submitted to default queue <cpuqueue>.'.
    Error in rule Mutect2_tumor_only:
        jobid: 32
        output: out/variants/K052_tumor_m2.vcf.gz, out/variants/K052_tumor_m2.vcf.gz.tbi
        conda-env: /lila/data/kentsis/testfiles/pgm2_test/.snakemake/conda/9ef1d002

Job failed, going on with independent jobs.
Exiting because a job execution failed. Look above for error message
Complete log: /lila/home/chenz4/proteomegenerator/.snakemake/log/2018-09-23T205410.634505.snakemake.log
