Building DAG of jobs...
Using shell: /bin/bash
Provided cluster nodes: 50
Job counts:
	count	jobs
	1	all
	1	mqpar_conversion
	2

localrule mqpar_conversion:
    input: out/all-merge/merged/proteome.unique.fasta, /lila/home/chenz4/proteomegenerator/MaxQuant/mqpar_dummy.xml, /lila/data/kentsis/Raw_files/K056
    output: /lila/data/kentsis/Raw_files/K056/mqpar.xml
    log: out/logs/merged.mqpar_conversion.txt
    jobid: 1
    benchmark: out/benchmarks/merged.mqpar_conversion.txt

Finished job 1.
1 of 2 steps (50%) done

localrule all:
    input: /lila/data/kentsis/Raw_files/K056/mqpar.xml
    jobid: 0

Finished job 0.
2 of 2 steps (100%) done
Complete log: /lila/home/chenz4/proteomegenerator/.snakemake/log/2018-06-25T101829.570340.snakemake.log
