Building DAG of jobs...
Using shell: /bin/bash
Provided cluster nodes: 50
Job counts:
	count	jobs
	1	all
	1	vcf2vci
	2

rule vcf2vci:
    input: out/sample_m2_filtered.vcf, out/sample_m2_filtered.vcf.gz.tbi
    output: out/custom_ref/sample.vci.fa
    log: out/logs/vcf2vci.txt
    jobid: 1
    benchmark: out/benchmarks/vcf2vci.txt

Submitted job 1 with external jobid 'Job <4256348> is submitted to default queue <cpuqueue>.'.
    Error in rule vcf2vci:
        jobid: 1
        output: out/custom_ref/sample.vci.fa
        log: out/logs/vcf2vci.txt
        conda-env: /lila/data/kentsis/testfiles/CR_test/.snakemake/conda/6f0747b3

Job failed, going on with independent jobs.
Exiting because a job execution failed. Look above for error message
Complete log: /lila/home/chenz4/proteomegenerator/.snakemake/log/2018-07-25T115955.784689.snakemake.log
