Building DAG of jobs...
Using shell: /bin/bash
Provided cluster nodes: 50
Job counts:
	count	jobs
	1	AlignFastqReadsByRG
	1	ApplyBQSR
	1	BaseRecalibrator
	1	BuildBamIndex
	1	FilterMutectCalls
	2	LongOrfs
	1	MarkDuplicates
	1	MergeUnmappedAndAlignedBAMs
	1	Mutect2_tumor_only
	2	Predict
	1	STAR_GTF
	1	SelectSNPs
	1	SortAndFixRealignedBamTags
	1	StringTie_GTF
	1	UCSC_GTF
	1	UnalignFastqReadsByRG
	1	all
	2	blastp
	2	cdna_alignment_orf_to_genome_orf
	1	filter
	1	g2g_VCI
	1	g2g_lift
	1	g2g_patch
	2	gff3_file_to_bed
	2	gff3_file_to_proteins
	2	gtf_file_to_cDNA_seqs
	2	gtf_to_alignment_gff3
	1	index
	2	maxQuant
	1	merge
	2	mqpar_conversion
	2	reorderFASTA
	43

rule UnalignFastqReadsByRG:
    input: /lila/home/chenz4/proteomegenerator/testfiles/K052_DNA_subset_r1.fastq, /lila/home/chenz4/proteomegenerator/testfiles/K052_DNA_subset_r2.fastq
    output: out/preprocess/K052_tumor.unaligned.bam
    jobid: 42
    benchmark: out/benchmarks/preprocess/K052_tumor.unaligned.txt
    wildcards: SAMPLE_NAME=K052_tumor

Submitted job 42 with external jobid 'Job <4875429> is submitted to default queue <cpuqueue>.'.

rule AlignFastqReadsByRG:
    input: /lila/home/chenz4/proteomegenerator/testfiles/K052_DNA_subset_r1.fastq, /lila/home/chenz4/proteomegenerator/testfiles/K052_DNA_subset_r2.fastq
    output: out/preprocess/K052_tumor.aligned.bam
    jobid: 43
    benchmark: out/benchmarks/preprocess/K052_tumor.align.txt
    wildcards: SAMPLE_NAME=K052_tumor

Submitted job 43 with external jobid 'Job <4875430> is submitted to default queue <cpuqueue>.'.
Finished job 42.
1 of 43 steps (2%) done
Finished job 43.
2 of 43 steps (5%) done

rule MergeUnmappedAndAlignedBAMs:
    input: out/preprocess/K052_tumor.aligned.bam, out/preprocess/K052_tumor.unaligned.bam
    output: out/preprocess/K052_tumor.aligned_unaligned_merged.bam
    jobid: 41
    benchmark: out/benchmarks/preprocess/K052_tumor.merge_aubam.txt
    wildcards: SAMPLE_NAME=K052_tumor

Submitted job 41 with external jobid 'Job <4875431> is submitted to default queue <cpuqueue>.'.
Finished job 41.
3 of 43 steps (7%) done

rule MarkDuplicates:
    input: out/preprocess/K052_tumor.aligned_unaligned_merged.bam
    output: out/preprocess/K052_tumor.merged.RGmerged.dedup.bam
    jobid: 40
    benchmark: out/benchmarks/preprocess/K052_tumor.markdups.txt
    wildcards: SAMPLE_NAME=K052_tumor

Submitted job 40 with external jobid 'Job <4875432> is submitted to default queue <cpuqueue>.'.
Finished job 40.
4 of 43 steps (9%) done

rule SortAndFixRealignedBamTags:
    input: out/preprocess/K052_tumor.merged.RGmerged.dedup.bam
    output: out/preprocess/K052_tumor.merged.RGmerged.dedup.fixedtags.readyforBQSR.bam, out/preprocess/K052_tumor.merged.RGmerged.dedup.fixedtags.readyforBQSR.bai
    jobid: 38
    benchmark: out/benchmarks/preprocess/K052_tumor_SortAndFixTags.txt
    wildcards: SAMPLE_NAME=K052_tumor

Submitted job 38 with external jobid 'Job <4875433> is submitted to default queue <cpuqueue>.'.
Finished job 38.
5 of 43 steps (12%) done

rule BaseRecalibrator:
    input: out/preprocess/K052_tumor.merged.RGmerged.dedup.fixedtags.readyforBQSR.bam
    output: out/preprocess/K052_tumor.BQSR.report
    jobid: 39
    benchmark: out/benchmarks/preprocess/K052_tumor_BQSR.txt
    wildcards: SAMPLE_NAME=K052_tumor

Submitted job 39 with external jobid 'Job <4875434> is submitted to default queue <cpuqueue>.'.
Finished job 39.
6 of 43 steps (14%) done

rule ApplyBQSR:
    input: out/preprocess/K052_tumor.BQSR.report, out/preprocess/K052_tumor.merged.RGmerged.dedup.fixedtags.readyforBQSR.bam
    output: out/preprocess/K052_tumor.recal.analysis_ready.bam
    jobid: 37
    benchmark: out/benchmarks/preprocess/K052_tumor_apply_bqsr.txt
    wildcards: SAMPLE_NAME=K052_tumor

Submitted job 37 with external jobid 'Job <4875435> is submitted to default queue <cpuqueue>.'.
Finished job 37.
7 of 43 steps (16%) done

rule Mutect2_tumor_only:
    input: out/preprocess/K052_tumor.recal.analysis_ready.bam
    output: out/variants/K052_tumor_m2.vcf.gz, out/variants/K052_tumor_m2.vcf.gz.tbi
    jobid: 35
    benchmark: out/benchmarks/variants/K052_tumor_m2_tumor_only.txt
    wildcards: RG_TUMOR=K052_tumor

Submitted job 35 with external jobid 'Job <4875436> is submitted to default queue <cpuqueue>.'.
Finished job 35.
8 of 43 steps (19%) done

rule FilterMutectCalls:
    input: out/variants/K052_tumor_m2.vcf.gz, out/variants/K052_tumor_m2.vcf.gz.tbi
    output: out/variants/K052_tumor_m2_filtered.vcf.gz, out/variants/K052_tumor_m2_filtered.vcf.gz.tbi
    jobid: 33
    benchmark: out/benchmarks/variants/K052_tumor_m2_filter.txt
    wildcards: RG_TUMOR=K052_tumor

Submitted job 33 with external jobid 'Job <4875438> is submitted to default queue <cpuqueue>.'.
Finished job 33.
9 of 43 steps (21%) done

rule SelectSNPs:
    input: out/variants/K052_tumor_m2_filtered.vcf.gz, out/variants/K052_tumor_m2_filtered.vcf.gz.tbi
    output: out/variants/K052_tumor_m2_filtered_snps.vcf.gz
    jobid: 30
    benchmark: out/benchmarks/variants/K052_tumor_select_snp.txt
    wildcards: RG_TUMOR=K052_tumor

Submitted job 30 with external jobid 'Job <4875439> is submitted to default queue <cpuqueue>.'.
Finished job 30.
10 of 43 steps (23%) done

rule g2g_VCI:
    input: out/variants/K052_tumor_m2_filtered_snps.vcf.gz
    output: out/custom_ref/K052_tumor.vci.gz
    jobid: 27
    benchmark: out/benchmarks/custom_ref/K052_tumor_g2g_VCI.txt
    wildcards: RG_TUMOR=K052_tumor

Submitted job 27 with external jobid 'Job <4875440> is submitted to default queue <cpuqueue>.'.
Finished job 27.
11 of 43 steps (26%) done

rule g2g_patch:
    input: out/custom_ref/K052_tumor.vci.gz
    output: out/custom_ref/K052_tumor_patched.fa
    jobid: 18
    benchmark: out/benchmarks/custom_ref/K052_tumor_g2g_patch.txt
    wildcards: RG_TUMOR=K052_tumor

Submitted job 18 with external jobid 'Job <4875441> is submitted to default queue <cpuqueue>.'.

rule g2g_lift:
    input: out/custom_ref/K052_tumor.vci.gz
    output: out/custom_ref/K052_tumor_patched.gtf
    jobid: 25
    benchmark: out/benchmarks/custom_ref/K052_tumor_g2g_lift.txt
    wildcards: RG_TUMOR=K052_tumor

Submitted job 25 with external jobid 'Job <4875442> is submitted to default queue <cpuqueue>.'.
Finished job 18.
12 of 43 steps (28%) done
Skipped removing non-empty directory /lila/data/kentsis/Databases/STAR/

rule index:
    input: out/custom_ref/K052_tumor_patched.fa
    output: /lila/data/kentsis/Databases/STAR/
    log: out/logs/index.txt
    jobid: 36
    benchmark: out/benchmarks/index.txt

Submitted job 36 with external jobid 'Job <4875443> is submitted to default queue <cpuqueue>.'.
Finished job 25.
13 of 43 steps (30%) done
Terminating processes on user request, this might take some time.
Will exit after finishing currently running jobs.
Cancelling snakemake on user request.
