Building DAG of jobs...
Using shell: /bin/bash
Provided cluster nodes: 50
Job counts:
	count	jobs
	1	ApplyBQSR
	1	BaseRecalibrator
	1	MarkDuplicates
	1	SortAndFixRealignedBamTags
	1	all
	5

rule MarkDuplicates:
    input: out/preprocess/K052_tumor.aligned_unaligned_merged.bam
    output: out/preprocess/K052_tumor.merged.RGmerged.dedup.bam
    jobid: 4
    benchmark: out/benchmarks/preprocess/K052_tumor.markdups.txt
    wildcards: SAMPLE_NAME=K052_tumor

Submitted job 4 with external jobid 'Job <4284141> is submitted to default queue <cpuqueue>.'.
Finished job 4.
1 of 5 steps (20%) done

rule SortAndFixRealignedBamTags:
    input: out/preprocess/K052_tumor.merged.RGmerged.dedup.bam
    output: out/preprocess/K052_tumor.merged.RGmerged.dedup.fixedtags.readyforBQSR.bam, out/preprocess/K052_tumor.merged.RGmerged.dedup.fixedtags.readyforBQSR.bai
    jobid: 2
    benchmark: out/benchmarks/preprocess/K052_tumor_SortAndFixTags.txt
    wildcards: SAMPLE_NAME=K052_tumor

Submitted job 2 with external jobid 'Job <4287546> is submitted to default queue <cpuqueue>.'.
Finished job 2.
2 of 5 steps (40%) done

rule BaseRecalibrator:
    input: out/preprocess/K052_tumor.merged.RGmerged.dedup.fixedtags.readyforBQSR.bam
    output: out/preprocess/K052_tumor.BQSR.report
    jobid: 3
    benchmark: out/benchmarks/preprocess/K052_tumor_BQSR.txt
    wildcards: SAMPLE_NAME=K052_tumor

Submitted job 3 with external jobid 'Job <4287594> is submitted to default queue <cpuqueue>.'.
Finished job 3.
3 of 5 steps (60%) done

rule ApplyBQSR:
    input: out/preprocess/K052_tumor.BQSR.report, out/preprocess/K052_tumor.merged.RGmerged.dedup.fixedtags.readyforBQSR.bam
    output: out/preprocess/K052_tumor.recal.analysis_ready.bam
    jobid: 1
    benchmark: out/benchmarks/preprocess/K052_tumor_apply_bqsr.txt
    wildcards: SAMPLE_NAME=K052_tumor

Submitted job 1 with external jobid 'Job <4287855> is submitted to default queue <cpuqueue>.'.
Finished job 1.
4 of 5 steps (80%) done

localrule all:
    input: out/preprocess/K052_tumor.recal.analysis_ready.bam
    jobid: 0

Finished job 0.
5 of 5 steps (100%) done
Complete log: /lila/home/chenz4/proteomegenerator/.snakemake/log/2018-07-30T122913.708966.snakemake.log
