Building DAG of jobs...
Using shell: /bin/bash
Provided cluster nodes: 50
Job counts:
	count	jobs
	1	all
	1	maxQuant
	1	mqpar_user
	3

localrule mqpar_user:
    input: proteome.unique.fasta, /lila/data/kentsis/testfiles/K0562_mqtesting
    output: /lila/data/kentsis/testfiles/K0562_mqtesting/mqpar.xml
    log: out/logs/merged.mqpar_conversion.txt
    jobid: 2
    benchmark: out/benchmarks/merged.mqpar_conversion.txt

    Error in rule mqpar_user:
        jobid: 2
        output: /lila/data/kentsis/testfiles/K0562_mqtesting/mqpar.xml
        log: out/logs/merged.mqpar_conversion.txt

RuleException:
AttributeError in line 54 of /lila/home/chenz4/proteomegenerator/pgmtestpar:
'InputFiles' object has no attribute 'par'
  File "/lila/home/chenz4/proteomegenerator/pgmtestpar", line 54, in __rule_mqpar_user
  File "/home/chenz4/miniconda3/lib/python3.6/concurrent/futures/thread.py", line 56, in run
Job failed, going on with independent jobs.
Terminating processes on user request, this might take some time.
Will exit after finishing currently running jobs.
Complete log: /lila/home/chenz4/proteomegenerator/.snakemake/log/2018-06-25T150840.102430.snakemake.log
