Building DAG of jobs...
Using shell: /bin/bash
Provided cluster nodes: 50
Job counts:
	count	jobs
	1	all
	1	vcf2chain
	2

rule vcf2chain:
    input: out/sample_m2_filtered.vcf.gz, out/sample_m2_filtered.vcf.gz.tbi
    output: out/custom_ref/REF-to-HCC1143_tumor.chain
    jobid: 1
    benchmark: out/benchmarks/chn.txt

Submitted job 1 with external jobid 'Job <4273421> is submitted to default queue <cpuqueue>.'.
    Error in rule vcf2chain:
        jobid: 1
        output: out/custom_ref/REF-to-HCC1143_tumor.chain
        conda-env: /lila/data/kentsis/testfiles/CR_test/.snakemake/conda/522a2649

Job failed, going on with independent jobs.
Exiting because a job execution failed. Look above for error message
Complete log: /lila/home/chenz4/proteomegenerator/.snakemake/log/2018-07-25T204051.573847.snakemake.log
