Building DAG of jobs...
Using shell: /bin/bash
Provided cluster nodes: 50
Job counts:
	count	jobs
	1	ApplyBQSR
	1	BaseRecalibrator
	1	all
	3

rule BaseRecalibrator:
    input: out/K052_tumor.merged.RGmerged.dedup.fixedtags.readyforBQSR.bam
    output: out/K052_tumor.BQSR.report
    jobid: 2
    benchmark: out/benchmarks/K052_tumor_BQSR.txt
    wildcards: SAMPLE_NAME=K052_tumor

Submitted job 2 with external jobid 'Job <4281273> is submitted to default queue <cpuqueue>.'.
Finished job 2.
1 of 3 steps (33%) done

rule ApplyBQSR:
    input: out/K052_tumor.BQSR.report, out/K052_tumor.merged.RGmerged.dedup.fixedtags.readyforBQSR.bam
    output: out/K052_tumor.recal.analysis_ready.bam
    jobid: 1
    wildcards: SAMPLE_NAME=K052_tumor

Submitted job 1 with external jobid 'Job <4281287> is submitted to default queue <cpuqueue>.'.
Finished job 1.
2 of 3 steps (67%) done

localrule all:
    input: out/K052_tumor.recal.analysis_ready.bam
    jobid: 0

Finished job 0.
3 of 3 steps (100%) done
Complete log: /lila/home/chenz4/proteomegenerator/.snakemake/log/2018-07-27T155843.913907.snakemake.log
