Building DAG of jobs...
Using shell: /bin/bash
Provided cluster nodes: 50
Job counts:
	count	jobs
	1	all
	1	vcf2vci
	2

rule vcf2vci:
    input: out/sample_m2_filtered.vcf, out/sample_m2_filtered.vcf.gz.tbi
    output: out/custom_ref/sample.vci.fa
    log: out/logs/vcf2vci.txt
    jobid: 1
    benchmark: out/benchmarks/vcf2vci.txt

Submitted job 1 with external jobid 'Job <4256722> is submitted to default queue <cpuqueue>.'.
Finished job 1.
1 of 2 steps (50%) done

localrule all:
    input: out/custom_ref/sample.vci.fa
    jobid: 0

Finished job 0.
2 of 2 steps (100%) done
Complete log: /lila/home/chenz4/proteomegenerator/.snakemake/log/2018-07-25T122558.583630.snakemake.log
